{
"/home/bashkir/Development/frost/packages/frost-builder/dist/index.cjs.js":{"path":"/home/bashkir/Development/frost/packages/frost-builder/dist/index.cjs.js","statementMap":{"0":{"start":{"line":3,"column":0},"end":{"line":null,"column":-1}},"1":{"start":{"line":5,"column":32},"end":{"line":null,"column":-1}},"2":{"start":{"line":7,"column":14},"end":{"line":7,"column":0}},"3":{"start":{"line":8,"column":14},"end":{"line":8,"column":0}},"4":{"start":{"line":9,"column":14},"end":{"line":9,"column":0}},"5":{"start":{"line":10,"column":17},"end":{"line":10,"column":0}},"6":{"start":{"line":11,"column":11},"end":{"line":11,"column":0}},"7":{"start":{"line":12,"column":17},"end":{"line":12,"column":0}},"8":{"start":{"line":13,"column":23},"end":{"line":13,"column":0}},"9":{"start":{"line":14,"column":21},"end":{"line":14,"column":0}},"10":{"start":{"line":15,"column":17},"end":{"line":15,"column":0}},"11":{"start":{"line":16,"column":18},"end":{"line":16,"column":0}},"12":{"start":{"line":17,"column":31},"end":{"line":17,"column":0}},"13":{"start":{"line":18,"column":18},"end":{"line":18,"column":0}},"14":{"start":{"line":19,"column":28},"end":{"line":19,"column":0}},"15":{"start":{"line":20,"column":26},"end":{"line":20,"column":0}},"16":{"start":{"line":21,"column":25},"end":{"line":21,"column":0}},"17":{"start":{"line":22,"column":19},"end":{"line":22,"column":0}},"18":{"start":{"line":23,"column":16},"end":{"line":23,"column":0}},"19":{"start":{"line":24,"column":23},"end":{"line":24,"column":0}},"20":{"start":{"line":25,"column":20},"end":{"line":25,"column":0}},"21":{"start":{"line":26,"column":10},"end":{"line":26,"column":0}},"22":{"start":{"line":27,"column":24},"end":{"line":27,"column":0}},"23":{"start":{"line":28,"column":27},"end":{"line":28,"column":0}},"24":{"start":{"line":29,"column":27},"end":{"line":29,"column":0}},"25":{"start":{"line":30,"column":33},"end":{"line":30,"column":0}},"26":{"start":{"line":31,"column":19},"end":{"line":31,"column":0}},"27":{"start":{"line":32,"column":15},"end":{"line":32,"column":0}},"28":{"start":{"line":33,"column":18},"end":{"line":33,"column":0}},"29":{"start":{"line":34,"column":18},"end":{"line":34,"column":0}},"30":{"start":{"line":35,"column":13},"end":{"line":35,"column":0}},"31":{"start":{"line":36,"column":12},"end":{"line":36,"column":0}},"32":{"start":{"line":38,"column":18},"end":{"line":38,"column":0}},"33":{"start":{"line":39,"column":21},"end":{"line":39,"column":0}},"34":{"start":{"line":40,"column":21},"end":{"line":40,"column":0}},"35":{"start":{"line":42,"column":17},"end":{"line":42,"column":0}},"36":{"start":{"line":43,"column":20},"end":{"line":42,"column":17}},"37":{"start":{"line":44,"column":17},"end":{"line":42,"column":17}},"38":{"start":{"line":45,"column":20},"end":{"line":42,"column":17}},"39":{"start":{"line":46,"column":18},"end":{"line":42,"column":17}},"40":{"start":{"line":48,"column":8},"end":{"line":null,"column":-1}},"41":{"start":{"line":52,"column":26},"end":{"line":52,"column":0}},"42":{"start":{"line":53,"column":19},"end":{"line":53,"column":2}},"43":{"start":{"line":54,"column":19},"end":{"line":54,"column":2}},"44":{"start":{"line":55,"column":16},"end":{"line":55,"column":2}},"45":{"start":{"line":56,"column":17},"end":{"line":56,"column":2}},"46":{"start":{"line":57,"column":15},"end":{"line":57,"column":2}},"47":{"start":{"line":58,"column":24},"end":{"line":58,"column":2}},"48":{"start":{"line":60,"column":2},"end":{"line":null,"column":-1}},"49":{"start":{"line":70,"column":28},"end":{"line":70,"column":0}},"50":{"start":{"line":71,"column":20},"end":{"line":71,"column":2}},"51":{"start":{"line":72,"column":22},"end":{"line":72,"column":2}},"52":{"start":{"line":73,"column":18},"end":{"line":73,"column":2}},"53":{"start":{"line":74,"column":20},"end":{"line":74,"column":2}},"54":{"start":{"line":75,"column":23},"end":{"line":75,"column":2}},"55":{"start":{"line":76,"column":23},"end":{"line":76,"column":2}},"56":{"start":{"line":78,"column":24},"end":{"line":78,"column":2}},"57":{"start":{"line":79,"column":17},"end":{"line":79,"column":2}},"58":{"start":{"line":80,"column":2},"end":{"line":null,"column":-1}},"59":{"start":{"line":92,"column":17},"end":{"line":92,"column":0}},"60":{"start":{"line":93,"column":24},"end":{"line":93,"column":0}},"61":{"start":{"line":97,"column":20},"end":{"line":97,"column":0}},"62":{"start":{"line":99,"column":20},"end":{"line":99,"column":0}},"63":{"start":{"line":100,"column":23},"end":{"line":100,"column":0}},"64":{"start":{"line":103,"column":4},"end":{"line":105,"column":5}},"65":{"start":{"line":104,"column":8},"end":{"line":null,"column":-1}},"66":{"start":{"line":107,"column":4},"end":{"line":null,"column":-1}},"67":{"start":{"line":113,"column":4},"end":{"line":115,"column":5}},"68":{"start":{"line":114,"column":8},"end":{"line":null,"column":-1}},"69":{"start":{"line":118,"column":4},"end":{"line":122,"column":5}},"70":{"start":{"line":119,"column":8},"end":{"line":null,"column":-1}},"71":{"start":{"line":121,"column":8},"end":{"line":null,"column":-1}},"72":{"start":{"line":124,"column":19},"end":{"line":124,"column":4}},"73":{"start":{"line":125,"column":4},"end":{"line":null,"column":-1}},"74":{"start":{"line":126,"column":4},"end":{"line":null,"column":-1}},"75":{"start":{"line":130,"column":4},"end":{"line":132,"column":5}},"76":{"start":{"line":131,"column":8},"end":{"line":null,"column":-1}},"77":{"start":{"line":134,"column":4},"end":{"line":136,"column":5}},"78":{"start":{"line":135,"column":8},"end":{"line":null,"column":-1}},"79":{"start":{"line":138,"column":18},"end":{"line":138,"column":4}},"80":{"start":{"line":139,"column":21},"end":{"line":139,"column":4}},"81":{"start":{"line":141,"column":4},"end":{"line":143,"column":5}},"82":{"start":{"line":142,"column":8},"end":{"line":null,"column":-1}},"83":{"start":{"line":145,"column":4},"end":{"line":147,"column":5}},"84":{"start":{"line":146,"column":8},"end":{"line":null,"column":-1}},"85":{"start":{"line":149,"column":4},"end":{"line":151,"column":5}},"86":{"start":{"line":150,"column":8},"end":{"line":null,"column":-1}},"87":{"start":{"line":153,"column":4},"end":{"line":155,"column":5}},"88":{"start":{"line":154,"column":8},"end":{"line":null,"column":-1}},"89":{"start":{"line":157,"column":19},"end":{"line":157,"column":4}},"90":{"start":{"line":158,"column":4},"end":{"line":160,"column":5}},"91":{"start":{"line":159,"column":8},"end":{"line":null,"column":-1}},"92":{"start":{"line":162,"column":4},"end":{"line":null,"column":-1}},"93":{"start":{"line":166,"column":23},"end":{"line":166,"column":4}},"94":{"start":{"line":167,"column":4},"end":{"line":null,"column":-1}},"95":{"start":{"line":168,"column":8},"end":{"line":170,"column":9}},"96":{"start":{"line":169,"column":12},"end":{"line":null,"column":-1}},"97":{"start":{"line":172,"column":25},"end":{"line":172,"column":8}},"98":{"start":{"line":173,"column":8},"end":{"line":176,"column":9}},"99":{"start":{"line":174,"column":12},"end":{"line":null,"column":-1}},"100":{"start":{"line":175,"column":12},"end":{"line":null,"column":-1}},"101":{"start":{"line":178,"column":8},"end":{"line":null,"column":-1}},"102":{"start":{"line":182,"column":17},"end":{"line":182,"column":0}},"103":{"start":{"line":183,"column":19},"end":{"line":183,"column":0}},"104":{"start":{"line":184,"column":21},"end":{"line":184,"column":0}},"105":{"start":{"line":186,"column":21},"end":{"line":186,"column":0}},"106":{"start":{"line":187,"column":2},"end":{"line":null,"column":-1}},"107":{"start":{"line":190,"column":17},"end":{"line":190,"column":0}},"108":{"start":{"line":191,"column":15},"end":{"line":191,"column":2}},"109":{"start":{"line":192,"column":2},"end":{"line":null,"column":-1}},"110":{"start":{"line":197,"column":4},"end":{"line":null,"column":-1}},"111":{"start":{"line":201,"column":4},"end":{"line":null,"column":-1}},"112":{"start":{"line":202,"column":22},"end":{"line":202,"column":6}},"113":{"start":{"line":203,"column":22},"end":{"line":203,"column":6}},"114":{"start":{"line":204,"column":6},"end":{"line":206,"column":7}},"115":{"start":{"line":204,"column":31},"end":{"line":204,"column":10}},"116":{"start":{"line":205,"column":8},"end":{"line":null,"column":-1}},"117":{"start":{"line":207,"column":6},"end":{"line":null,"column":-1}},"118":{"start":{"line":220,"column":23},"end":{"line":220,"column":0}},"119":{"start":{"line":221,"column":2},"end":{"line":223,"column":3}},"120":{"start":{"line":222,"column":4},"end":{"line":null,"column":-1}},"121":{"start":{"line":224,"column":2},"end":{"line":226,"column":3}},"122":{"start":{"line":225,"column":4},"end":{"line":null,"column":-1}},"123":{"start":{"line":227,"column":2},"end":{"line":null,"column":-1}},"124":{"start":{"line":230,"column":18},"end":{"line":230,"column":0}},"125":{"start":{"line":231,"column":17},"end":{"line":231,"column":2}},"126":{"start":{"line":232,"column":2},"end":{"line":null,"column":-1}},"127":{"start":{"line":235,"column":26},"end":{"line":235,"column":0}},"128":{"start":{"line":235,"column":46},"end":{"line":235,"column":0}},"129":{"start":{"line":236,"column":19},"end":{"line":236,"column":0}},"130":{"start":{"line":237,"column":21},"end":{"line":237,"column":0}},"131":{"start":{"line":238,"column":23},"end":{"line":238,"column":0}},"132":{"start":{"line":242,"column":4},"end":{"line":null,"column":-1}},"133":{"start":{"line":243,"column":6},"end":{"line":null,"column":-1}},"134":{"start":{"line":244,"column":23},"end":{"line":244,"column":8}},"135":{"start":{"line":244,"column":50},"end":{"line":244,"column":23}},"136":{"start":{"line":245,"column":21},"end":{"line":245,"column":8}},"137":{"start":{"line":247,"column":8},"end":{"line":null,"column":-1}},"138":{"start":{"line":248,"column":10},"end":{"line":null,"column":-1}},"139":{"start":{"line":255,"column":15},"end":{"line":255,"column":0}},"140":{"start":{"line":259,"column":4},"end":{"line":null,"column":-1}},"141":{"start":{"line":263,"column":18},"end":{"line":263,"column":4}},"142":{"start":{"line":264,"column":15},"end":{"line":264,"column":4}},"143":{"start":{"line":265,"column":19},"end":{"line":265,"column":4}},"144":{"start":{"line":268,"column":6},"end":{"line":273,"column":7}},"145":{"start":{"line":269,"column":8},"end":{"line":null,"column":-1}},"146":{"start":{"line":270,"column":8},"end":{"line":null,"column":-1}},"147":{"start":{"line":272,"column":8},"end":{"line":null,"column":-1}},"148":{"start":{"line":278,"column":15},"end":{"line":278,"column":6}},"149":{"start":{"line":280,"column":6},"end":{"line":null,"column":-1}},"150":{"start":{"line":281,"column":6},"end":{"line":null,"column":-1}},"151":{"start":{"line":283,"column":6},"end":{"line":null,"column":-1}},"152":{"start":{"line":284,"column":6},"end":{"line":null,"column":-1}},"153":{"start":{"line":286,"column":6},"end":{"line":null,"column":-1}},"154":{"start":{"line":287,"column":6},"end":{"line":null,"column":-1}},"155":{"start":{"line":289,"column":6},"end":{"line":null,"column":-1}},"156":{"start":{"line":291,"column":6},"end":{"line":293,"column":7}},"157":{"start":{"line":292,"column":8},"end":{"line":null,"column":-1}},"158":{"start":{"line":295,"column":6},"end":{"line":295,"column":28}},"159":{"start":{"line":295,"column":28},"end":{"line":null,"column":-1}},"160":{"start":{"line":296,"column":6},"end":{"line":296,"column":31}},"161":{"start":{"line":296,"column":31},"end":{"line":null,"column":-1}},"162":{"start":{"line":297,"column":6},"end":{"line":299,"column":7}},"163":{"start":{"line":298,"column":8},"end":{"line":null,"column":-1}},"164":{"start":{"line":302,"column":4},"end":{"line":null,"column":-1}},"165":{"start":{"line":303,"column":6},"end":{"line":303,"column":42}},"166":{"start":{"line":303,"column":42},"end":{"line":null,"column":-1}},"167":{"start":{"line":305,"column":6},"end":{"line":null,"column":-1}},"168":{"start":{"line":306,"column":6},"end":{"line":null,"column":-1}},"169":{"start":{"line":308,"column":6},"end":{"line":null,"column":-1}},"170":{"start":{"line":310,"column":6},"end":{"line":null,"column":-1}},"171":{"start":{"line":311,"column":8},"end":{"line":null,"column":-1}},"172":{"start":{"line":313,"column":6},"end":{"line":null,"column":-1}},"173":{"start":{"line":314,"column":6},"end":{"line":null,"column":-1}},"174":{"start":{"line":316,"column":24},"end":{"line":316,"column":6}},"175":{"start":{"line":332,"column":6},"end":{"line":null,"column":-1}},"176":{"start":{"line":333,"column":19},"end":{"line":333,"column":8}},"177":{"start":{"line":334,"column":24},"end":{"line":334,"column":8}},"178":{"start":{"line":335,"column":8},"end":{"line":null,"column":-1}},"179":{"start":{"line":336,"column":10},"end":{"line":340,"column":11}},"180":{"start":{"line":337,"column":12},"end":{"line":null,"column":-1}},"181":{"start":{"line":339,"column":12},"end":{"line":null,"column":-1}},"182":{"start":{"line":344,"column":6},"end":{"line":null,"column":-1}},"183":{"start":{"line":345,"column":8},"end":{"line":null,"column":-1}},"184":{"start":{"line":346,"column":8},"end":{"line":null,"column":-1}},"185":{"start":{"line":349,"column":6},"end":{"line":null,"column":-1}},"186":{"start":{"line":350,"column":8},"end":{"line":null,"column":-1}},"187":{"start":{"line":351,"column":8},"end":{"line":null,"column":-1}},"188":{"start":{"line":354,"column":6},"end":{"line":null,"column":-1}},"189":{"start":{"line":355,"column":8},"end":{"line":null,"column":-1}},"190":{"start":{"line":356,"column":8},"end":{"line":null,"column":-1}},"191":{"start":{"line":359,"column":6},"end":{"line":null,"column":-1}},"192":{"start":{"line":360,"column":8},"end":{"line":null,"column":-1}},"193":{"start":{"line":361,"column":8},"end":{"line":null,"column":-1}},"194":{"start":{"line":365,"column":4},"end":{"line":null,"column":-1}},"195":{"start":{"line":366,"column":6},"end":{"line":null,"column":-1}},"196":{"start":{"line":367,"column":6},"end":{"line":null,"column":-1}},"197":{"start":{"line":370,"column":4},"end":{"line":null,"column":-1}},"198":{"start":{"line":371,"column":6},"end":{"line":null,"column":-1}},"199":{"start":{"line":382,"column":20},"end":{"line":382,"column":0}},"200":{"start":{"line":383,"column":2},"end":{"line":null,"column":-1}},"201":{"start":{"line":424,"column":22},"end":{"line":424,"column":0}},"202":{"start":{"line":425,"column":2},"end":{"line":null,"column":-1}},"203":{"start":{"line":477,"column":22},"end":{"line":477,"column":0}},"204":{"start":{"line":478,"column":2},"end":{"line":null,"column":-1}},"205":{"start":{"line":487,"column":21},"end":{"line":487,"column":0}},"206":{"start":{"line":488,"column":15},"end":{"line":488,"column":2}},"207":{"start":{"line":489,"column":18},"end":{"line":489,"column":2}},"208":{"start":{"line":490,"column":2},"end":{"line":null,"column":-1}},"209":{"start":{"line":493,"column":13},"end":{"line":493,"column":0}},"210":{"start":{"line":494,"column":12},"end":{"line":494,"column":0}},"211":{"start":{"line":496,"column":16},"end":{"line":496,"column":0}},"212":{"start":{"line":497,"column":2},"end":{"line":499,"column":3}},"213":{"start":{"line":498,"column":4},"end":{"line":null,"column":-1}},"214":{"start":{"line":508,"column":6},"end":{"line":501,"column":2}},"215":{"start":{"line":519,"column":6},"end":{"line":510,"column":2}},"216":{"start":{"line":521,"column":17},"end":{"line":521,"column":2}},"217":{"start":{"line":522,"column":20},"end":{"line":522,"column":2}},"218":{"start":{"line":523,"column":18},"end":{"line":523,"column":2}},"219":{"start":{"line":524,"column":22},"end":{"line":524,"column":2}},"220":{"start":{"line":525,"column":22},"end":{"line":525,"column":2}},"221":{"start":{"line":532,"column":27},"end":{"line":532,"column":2}},"222":{"start":{"line":539,"column":31},"end":{"line":539,"column":2}},"223":{"start":{"line":546,"column":18},"end":{"line":546,"column":2}},"224":{"start":{"line":548,"column":2},"end":{"line":null,"column":-1}},"225":{"start":{"line":549,"column":2},"end":{"line":null,"column":-1}},"226":{"start":{"line":550,"column":2},"end":{"line":null,"column":-1}},"227":{"start":{"line":552,"column":2},"end":{"line":555,"column":3}},"228":{"start":{"line":553,"column":4},"end":{"line":null,"column":-1}},"229":{"start":{"line":554,"column":4},"end":{"line":null,"column":-1}},"230":{"start":{"line":557,"column":2},"end":{"line":null,"column":-1}},"231":{"start":{"line":655,"column":16},"end":{"line":655,"column":4}},"232":{"start":{"line":657,"column":4},"end":{"line":659,"column":5}},"233":{"start":{"line":658,"column":8},"end":{"line":null,"column":-1}},"234":{"start":{"line":660,"column":4},"end":{"line":662,"column":5}},"235":{"start":{"line":661,"column":8},"end":{"line":null,"column":-1}},"236":{"start":{"line":664,"column":4},"end":{"line":null,"column":-1}},"237":{"start":{"line":664,"column":33},"end":{"line":664,"column":12}},"238":{"start":{"line":665,"column":4},"end":{"line":667,"column":5}},"239":{"start":{"line":666,"column":8},"end":{"line":null,"column":-1}},"240":{"start":{"line":669,"column":4},"end":{"line":null,"column":-1}},"241":{"start":{"line":670,"column":4},"end":{"line":null,"column":-1}},"242":{"start":{"line":674,"column":19},"end":{"line":674,"column":4}},"243":{"start":{"line":674,"column":44},"end":{"line":674,"column":19}},"244":{"start":{"line":675,"column":21},"end":{"line":675,"column":4}},"245":{"start":{"line":675,"column":50},"end":{"line":675,"column":21}},"246":{"start":{"line":676,"column":4},"end":{"line":null,"column":-1}},"247":{"start":{"line":679,"column":21},"end":{"line":679,"column":0}},"248":{"start":{"line":679,"column":30},"end":{"line":679,"column":0}},"249":{"start":{"line":681,"column":23},"end":{"line":681,"column":0}},"250":{"start":{"line":682,"column":4},"end":{"line":686,"column":5}},"251":{"start":{"line":683,"column":8},"end":{"line":null,"column":-1}},"252":{"start":{"line":684,"column":12},"end":{"line":null,"column":-1}},"253":{"start":{"line":687,"column":4},"end":{"line":null,"column":-1}},"254":{"start":{"line":691,"column":4},"end":{"line":695,"column":5}},"255":{"start":{"line":692,"column":21},"end":{"line":692,"column":8}},"256":{"start":{"line":693,"column":8},"end":{"line":null,"column":-1}},"257":{"start":{"line":694,"column":8},"end":{"line":null,"column":-1}},"258":{"start":{"line":697,"column":16},"end":{"line":697,"column":4}},"259":{"start":{"line":698,"column":33},"end":{"line":698,"column":4}},"260":{"start":{"line":700,"column":25},"end":{"line":700,"column":4}},"261":{"start":{"line":701,"column":4},"end":{"line":703,"column":5}},"262":{"start":{"line":702,"column":8},"end":{"line":null,"column":-1}},"263":{"start":{"line":705,"column":4},"end":{"line":709,"column":5}},"264":{"start":{"line":706,"column":8},"end":{"line":null,"column":-1}},"265":{"start":{"line":707,"column":8},"end":{"line":null,"column":-1}},"266":{"start":{"line":708,"column":8},"end":{"line":null,"column":-1}},"267":{"start":{"line":711,"column":4},"end":{"line":714,"column":5}},"268":{"start":{"line":712,"column":8},"end":{"line":null,"column":-1}},"269":{"start":{"line":713,"column":8},"end":{"line":null,"column":-1}},"270":{"start":{"line":716,"column":24},"end":{"line":716,"column":4}},"271":{"start":{"line":717,"column":4},"end":{"line":null,"column":-1}},"272":{"start":{"line":718,"column":4},"end":{"line":null,"column":-1}},"273":{"start":{"line":721,"column":22},"end":{"line":721,"column":0}},"274":{"start":{"line":723,"column":20},"end":{"line":723,"column":0}},"275":{"start":{"line":724,"column":24},"end":{"line":724,"column":2}},"276":{"start":{"line":725,"column":2},"end":{"line":null,"column":-1}},"277":{"start":{"line":726,"column":4},"end":{"line":null,"column":-1}},"278":{"start":{"line":727,"column":6},"end":{"line":null,"column":-1}},"279":{"start":{"line":732,"column":20},"end":{"line":732,"column":0}},"280":{"start":{"line":733,"column":24},"end":{"line":733,"column":2}},"281":{"start":{"line":734,"column":2},"end":{"line":null,"column":-1}},"282":{"start":{"line":735,"column":4},"end":{"line":null,"column":-1}},"283":{"start":{"line":736,"column":6},"end":{"line":null,"column":-1}},"284":{"start":{"line":741,"column":20},"end":{"line":741,"column":0}},"285":{"start":{"line":742,"column":2},"end":{"line":null,"column":-1}},"286":{"start":{"line":745,"column":20},"end":{"line":745,"column":0}},"287":{"start":{"line":746,"column":2},"end":{"line":null,"column":-1}},"288":{"start":{"line":749,"column":15},"end":{"line":749,"column":0}},"289":{"start":{"line":750,"column":23},"end":{"line":750,"column":2}},"290":{"start":{"line":751,"column":23},"end":{"line":751,"column":2}},"291":{"start":{"line":752,"column":24},"end":{"line":752,"column":2}},"292":{"start":{"line":753,"column":25},"end":{"line":753,"column":2}},"293":{"start":{"line":755,"column":24},"end":{"line":755,"column":2}},"294":{"start":{"line":760,"column":24},"end":{"line":760,"column":2}},"295":{"start":{"line":761,"column":30},"end":{"line":761,"column":2}},"296":{"start":{"line":767,"column":2},"end":{"line":null,"column":-1}},"297":{"start":{"line":773,"column":16},"end":{"line":773,"column":0}},"298":{"start":{"line":774,"column":24},"end":{"line":774,"column":2}},"299":{"start":{"line":775,"column":2},"end":{"line":null,"column":-1}},"300":{"start":{"line":776,"column":4},"end":{"line":null,"column":-1}},"301":{"start":{"line":779,"column":2},"end":{"line":null,"column":-1}},"302":{"start":{"line":780,"column":33},"end":{"line":780,"column":4}},"303":{"start":{"line":781,"column":4},"end":{"line":785,"column":5}},"304":{"start":{"line":782,"column":6},"end":{"line":null,"column":-1}},"305":{"start":{"line":783,"column":6},"end":{"line":null,"column":-1}},"306":{"start":{"line":784,"column":6},"end":{"line":null,"column":-1}},"307":{"start":{"line":787,"column":4},"end":{"line":790,"column":5}},"308":{"start":{"line":788,"column":6},"end":{"line":null,"column":-1}},"309":{"start":{"line":789,"column":6},"end":{"line":null,"column":-1}},"310":{"start":{"line":792,"column":4},"end":{"line":797,"column":5}},"311":{"start":{"line":793,"column":6},"end":{"line":null,"column":-1}},"312":{"start":{"line":794,"column":6},"end":{"line":null,"column":-1}},"313":{"start":{"line":795,"column":8},"end":{"line":null,"column":-1}},"314":{"start":{"line":801,"column":14},"end":{"line":801,"column":0}},"315":{"start":{"line":802,"column":40},"end":{"line":802,"column":2}},"316":{"start":{"line":803,"column":17},"end":{"line":803,"column":2}},"317":{"start":{"line":809,"column":2},"end":{"line":null,"column":-1}},"318":{"start":{"line":812,"column":2},"end":{"line":null,"column":-1}},"319":{"start":{"line":815,"column":14},"end":{"line":815,"column":0}},"320":{"start":{"line":816,"column":17},"end":{"line":816,"column":2}},"321":{"start":{"line":817,"column":2},"end":{"line":822,"column":3}},"322":{"start":{"line":818,"column":4},"end":{"line":null,"column":-1}},"323":{"start":{"line":824,"column":16},"end":{"line":824,"column":2}},"324":{"start":{"line":825,"column":19},"end":{"line":825,"column":2}},"325":{"start":{"line":827,"column":2},"end":{"line":null,"column":-1}},"326":{"start":{"line":829,"column":6},"end":{"line":null,"column":-1}},"327":{"start":{"line":830,"column":6},"end":{"line":null,"column":-1}},"328":{"start":{"line":832,"column":6},"end":{"line":null,"column":-1}},"329":{"start":{"line":833,"column":6},"end":{"line":null,"column":-1}},"330":{"start":{"line":836,"column":6},"end":{"line":null,"column":-1}},"331":{"start":{"line":840,"column":15},"end":{"line":840,"column":0}},"332":{"start":{"line":922,"column":15},"end":{"line":922,"column":0}},"333":{"start":{"line":924,"column":19},"end":{"line":924,"column":0}},"334":{"start":{"line":926,"column":16},"end":{"line":926,"column":0}},"335":{"start":{"line":928,"column":21},"end":{"line":928,"column":0}},"336":{"start":{"line":933,"column":22},"end":{"line":933,"column":0}},"337":{"start":{"line":934,"column":4},"end":{"line":null,"column":-1}},"338":{"start":{"line":935,"column":19},"end":{"line":935,"column":4}},"339":{"start":{"line":936,"column":4},"end":{"line":null,"column":-1}},"340":{"start":{"line":938,"column":4},"end":{"line":null,"column":-1}},"341":{"start":{"line":941,"column":0},"end":{"line":944,"column":1}},"342":{"start":{"line":942,"column":4},"end":{"line":null,"column":-1}},"343":{"start":{"line":943,"column":4},"end":{"line":null,"column":-1}},"344":{"start":{"line":947,"column":4},"end":{"line":null,"column":-1}},"345":{"start":{"line":948,"column":8},"end":{"line":950,"column":9}},"346":{"start":{"line":949,"column":12},"end":{"line":null,"column":-1}},"347":{"start":{"line":952,"column":8},"end":{"line":954,"column":9}},"348":{"start":{"line":953,"column":12},"end":{"line":null,"column":-1}},"349":{"start":{"line":956,"column":8},"end":{"line":null,"column":-1}},"350":{"start":{"line":958,"column":30},"end":{"line":958,"column":8}},"351":{"start":{"line":959,"column":25},"end":{"line":959,"column":12}},"352":{"start":{"line":960,"column":12},"end":{"line":964,"column":13}},"353":{"start":{"line":961,"column":16},"end":{"line":null,"column":-1}},"354":{"start":{"line":963,"column":16},"end":{"line":null,"column":-1}},"355":{"start":{"line":967,"column":8},"end":{"line":null,"column":-1}},"356":{"start":{"line":968,"column":33},"end":{"line":968,"column":12}},"357":{"start":{"line":969,"column":12},"end":{"line":971,"column":13}},"358":{"start":{"line":970,"column":16},"end":{"line":null,"column":-1}},"359":{"start":{"line":974,"column":8},"end":{"line":null,"column":-1}},"360":{"start":{"line":976,"column":8},"end":{"line":null,"column":-1}},"361":{"start":{"line":981,"column":4},"end":{"line":null,"column":-1}},"362":{"start":{"line":982,"column":8},"end":{"line":984,"column":9}},"363":{"start":{"line":983,"column":12},"end":{"line":null,"column":-1}},"364":{"start":{"line":987,"column":4},"end":{"line":null,"column":-1}},"365":{"start":{"line":990,"column":0},"end":{"line":null,"column":-1}},"366":{"start":{"line":991,"column":0},"end":{"line":null,"column":-1}},"367":{"start":{"line":992,"column":0},"end":{"line":null,"column":-1}},"368":{"start":{"line":993,"column":0},"end":{"line":null,"column":-1}},"369":{"start":{"line":994,"column":0},"end":{"line":null,"column":-1}},"370":{"start":{"line":995,"column":0},"end":{"line":null,"column":-1}},"371":{"start":{"line":996,"column":0},"end":{"line":null,"column":-1}},"372":{"start":{"line":997,"column":0},"end":{"line":null,"column":-1}},"373":{"start":{"line":998,"column":0},"end":{"line":null,"column":-1}},"374":{"start":{"line":999,"column":0},"end":{"line":null,"column":-1}},"375":{"start":{"line":1000,"column":0},"end":{"line":null,"column":-1}}},"fnMap":{"0":{"name":"_interopDefault","decl":{"start":{"line":5,"column":9},"end":{"line":5,"column":0}},"loc":{"start":{"line":5,"column":30},"end":{"line":5,"column":114}}},"1":{"name":"(anonymous_1)","decl":{"start":{"line":43,"column":13},"end":{"line":43,"column":19}},"loc":{"start":{"line":43,"column":20},"end":{"line":42,"column":17}}},"2":{"name":"(anonymous_2)","decl":{"start":{"line":44,"column":10},"end":{"line":44,"column":16}},"loc":{"start":{"line":44,"column":17},"end":{"line":42,"column":17}}},"3":{"name":"(anonymous_3)","decl":{"start":{"line":45,"column":13},"end":{"line":45,"column":19}},"loc":{"start":{"line":45,"column":20},"end":{"line":42,"column":17}}},"4":{"name":"(anonymous_4)","decl":{"start":{"line":46,"column":11},"end":{"line":46,"column":17}},"loc":{"start":{"line":46,"column":18},"end":{"line":42,"column":17}}},"5":{"name":"(anonymous_5)","decl":{"start":{"line":47,"column":18},"end":{"line":47,"column":23}},"loc":{"start":{"line":47,"column":24},"end":{"line":49,"column":5}}},"6":{"name":"(anonymous_6)","decl":{"start":{"line":52,"column":26},"end":{"line":52,"column":27}},"loc":{"start":{"line":52,"column":43},"end":{"line":52,"column":0}}},"7":{"name":"(anonymous_7)","decl":{"start":{"line":70,"column":28},"end":{"line":70,"column":29}},"loc":{"start":{"line":70,"column":73},"end":{"line":70,"column":0}}},"8":{"name":"isLoaderFile","decl":{"start":{"line":102,"column":9},"end":{"line":102,"column":0}},"loc":{"start":{"line":102,"column":27},"end":{"line":108,"column":1}}},"9":{"name":"shouldBeBundled","decl":{"start":{"line":112,"column":9},"end":{"line":112,"column":0}},"loc":{"start":{"line":112,"column":31},"end":{"line":127,"column":1}}},"10":{"name":"isExternalRequest","decl":{"start":{"line":129,"column":9},"end":{"line":129,"column":0}},"loc":{"start":{"line":129,"column":32},"end":{"line":163,"column":1}}},"11":{"name":"getExternals","decl":{"start":{"line":165,"column":9},"end":{"line":165,"column":0}},"loc":{"start":{"line":165,"column":38},"end":{"line":180,"column":1}}},"12":{"name":"(anonymous_12)","decl":{"start":{"line":167,"column":11},"end":{"line":167,"column":12}},"loc":{"start":{"line":167,"column":33},"end":{"line":167,"column":4}}},"13":{"name":"(anonymous_13)","decl":{"start":{"line":186,"column":21},"end":{"line":186,"column":27}},"loc":{"start":{"line":186,"column":28},"end":{"line":186,"column":0}}},"14":{"name":"(anonymous_14)","decl":{"start":{"line":190,"column":17},"end":{"line":190,"column":18}},"loc":{"start":{"line":190,"column":45},"end":{"line":190,"column":0}}},"15":{"name":"(anonymous_15)","decl":{"start":{"line":196,"column":2},"end":{"line":196,"column":13}},"loc":{"start":{"line":196,"column":23},"end":{"line":198,"column":3}}},"16":{"name":"(anonymous_16)","decl":{"start":{"line":200,"column":2},"end":{"line":200,"column":7}},"loc":{"start":{"line":200,"column":18},"end":{"line":209,"column":3}}},"17":{"name":"(anonymous_17)","decl":{"start":{"line":201,"column":28},"end":{"line":201,"column":29}},"loc":{"start":{"line":201,"column":49},"end":{"line":201,"column":4}}},"18":{"name":"(anonymous_18)","decl":{"start":{"line":204,"column":23},"end":{"line":204,"column":30}},"loc":{"start":{"line":204,"column":31},"end":{"line":204,"column":10}}},"19":{"name":"(anonymous_19)","decl":{"start":{"line":220,"column":23},"end":{"line":220,"column":24}},"loc":{"start":{"line":220,"column":33},"end":{"line":220,"column":0}}},"20":{"name":"(anonymous_20)","decl":{"start":{"line":230,"column":18},"end":{"line":230,"column":27}},"loc":{"start":{"line":230,"column":28},"end":{"line":230,"column":0}}},"21":{"name":"(anonymous_21)","decl":{"start":{"line":235,"column":26},"end":{"line":235,"column":27}},"loc":{"start":{"line":235,"column":46},"end":{"line":235,"column":0}}},"22":{"name":"(anonymous_22)","decl":{"start":{"line":241,"column":2},"end":{"line":241,"column":7}},"loc":{"start":{"line":241,"column":18},"end":{"line":252,"column":3}}},"23":{"name":"(anonymous_23)","decl":{"start":{"line":242,"column":35},"end":{"line":242,"column":49}},"loc":{"start":{"line":242,"column":50},"end":{"line":242,"column":4}}},"24":{"name":"(anonymous_24)","decl":{"start":{"line":243,"column":39},"end":{"line":243,"column":40}},"loc":{"start":{"line":243,"column":61},"end":{"line":243,"column":6}}},"25":{"name":"(anonymous_25)","decl":{"start":{"line":244,"column":40},"end":{"line":244,"column":49}},"loc":{"start":{"line":244,"column":50},"end":{"line":244,"column":23}}},"26":{"name":"(anonymous_26)","decl":{"start":{"line":247,"column":27},"end":{"line":247,"column":38}},"loc":{"start":{"line":247,"column":39},"end":{"line":247,"column":8}}},"27":{"name":"(anonymous_27)","decl":{"start":{"line":258,"column":2},"end":{"line":258,"column":13}},"loc":{"start":{"line":258,"column":26},"end":{"line":260,"column":3}}},"28":{"name":"(anonymous_28)","decl":{"start":{"line":262,"column":2},"end":{"line":262,"column":7}},"loc":{"start":{"line":262,"column":18},"end":{"line":373,"column":3}}},"29":{"name":"display","decl":{"start":{"line":267,"column":13},"end":{"line":267,"column":4}},"loc":{"start":{"line":267,"column":30},"end":{"line":274,"column":5}}},"30":{"name":"moduleDone","decl":{"start":{"line":276,"column":13},"end":{"line":276,"column":4}},"loc":{"start":{"line":276,"column":32},"end":{"line":300,"column":5}}},"31":{"name":"(anonymous_31)","decl":{"start":{"line":302,"column":35},"end":{"line":302,"column":49}},"loc":{"start":{"line":302,"column":50},"end":{"line":302,"column":4}}},"32":{"name":"(anonymous_32)","decl":{"start":{"line":310,"column":41},"end":{"line":310,"column":50}},"loc":{"start":{"line":310,"column":51},"end":{"line":310,"column":6}}},"33":{"name":"(anonymous_33)","decl":{"start":{"line":332,"column":37},"end":{"line":332,"column":44}},"loc":{"start":{"line":332,"column":45},"end":{"line":332,"column":6}}},"34":{"name":"(anonymous_34)","decl":{"start":{"line":335,"column":33},"end":{"line":335,"column":38}},"loc":{"start":{"line":335,"column":39},"end":{"line":335,"column":8}}},"35":{"name":"(anonymous_35)","decl":{"start":{"line":344,"column":42},"end":{"line":344,"column":43}},"loc":{"start":{"line":344,"column":67},"end":{"line":344,"column":6}}},"36":{"name":"(anonymous_36)","decl":{"start":{"line":349,"column":46},"end":{"line":349,"column":51}},"loc":{"start":{"line":349,"column":52},"end":{"line":349,"column":6}}},"37":{"name":"(anonymous_37)","decl":{"start":{"line":354,"column":50},"end":{"line":354,"column":51}},"loc":{"start":{"line":354,"column":66},"end":{"line":354,"column":6}}},"38":{"name":"(anonymous_38)","decl":{"start":{"line":359,"column":44},"end":{"line":359,"column":45}},"loc":{"start":{"line":359,"column":60},"end":{"line":359,"column":6}}},"39":{"name":"(anonymous_39)","decl":{"start":{"line":365,"column":28},"end":{"line":365,"column":29}},"loc":{"start":{"line":365,"column":49},"end":{"line":365,"column":4}}},"40":{"name":"(anonymous_40)","decl":{"start":{"line":370,"column":28},"end":{"line":370,"column":33}},"loc":{"start":{"line":370,"column":34},"end":{"line":370,"column":4}}},"41":{"name":"(anonymous_41)","decl":{"start":{"line":382,"column":20},"end":{"line":382,"column":21}},"loc":{"start":{"line":382,"column":95},"end":{"line":382,"column":0}}},"42":{"name":"(anonymous_42)","decl":{"start":{"line":424,"column":22},"end":{"line":424,"column":23}},"loc":{"start":{"line":424,"column":126},"end":{"line":424,"column":0}}},"43":{"name":"(anonymous_43)","decl":{"start":{"line":477,"column":22},"end":{"line":477,"column":23}},"loc":{"start":{"line":477,"column":58},"end":{"line":477,"column":0}}},"44":{"name":"(anonymous_44)","decl":{"start":{"line":487,"column":21},"end":{"line":487,"column":22}},"loc":{"start":{"line":487,"column":113},"end":{"line":487,"column":0}}},"45":{"name":"(anonymous_45)","decl":{"start":{"line":496,"column":16},"end":{"line":496,"column":17}},"loc":{"start":{"line":496,"column":57},"end":{"line":496,"column":0}}},"46":{"name":"formatRaw","decl":{"start":{"line":654,"column":9},"end":{"line":654,"column":0}},"loc":{"start":{"line":654,"column":33},"end":{"line":671,"column":1}}},"47":{"name":"(anonymous_47)","decl":{"start":{"line":664,"column":25},"end":{"line":664,"column":32}},"loc":{"start":{"line":664,"column":33},"end":{"line":664,"column":12}}},"48":{"name":"formatWebpack","decl":{"start":{"line":673,"column":9},"end":{"line":673,"column":0}},"loc":{"start":{"line":673,"column":29},"end":{"line":677,"column":1}}},"49":{"name":"(anonymous_49)","decl":{"start":{"line":674,"column":35},"end":{"line":674,"column":43}},"loc":{"start":{"line":674,"column":44},"end":{"line":674,"column":19}}},"50":{"name":"(anonymous_50)","decl":{"start":{"line":675,"column":39},"end":{"line":675,"column":49}},"loc":{"start":{"line":675,"column":50},"end":{"line":675,"column":21}}},"51":{"name":"(anonymous_51)","decl":{"start":{"line":679,"column":21},"end":{"line":679,"column":29}},"loc":{"start":{"line":679,"column":30},"end":{"line":679,"column":0}}},"52":{"name":"(anonymous_52)","decl":{"start":{"line":681,"column":23},"end":{"line":681,"column":31}},"loc":{"start":{"line":681,"column":32},"end":{"line":681,"column":0}}},"53":{"name":"(anonymous_53)","decl":{"start":{"line":683,"column":34},"end":{"line":683,"column":35}},"loc":{"start":{"line":683,"column":51},"end":{"line":683,"column":15}}},"54":{"name":"formatOutput","decl":{"start":{"line":690,"column":9},"end":{"line":690,"column":0}},"loc":{"start":{"line":690,"column":64},"end":{"line":719,"column":1}}},"55":{"name":"(anonymous_55)","decl":{"start":{"line":723,"column":20},"end":{"line":723,"column":21}},"loc":{"start":{"line":723,"column":37},"end":{"line":723,"column":0}}},"56":{"name":"(anonymous_56)","decl":{"start":{"line":725,"column":21},"end":{"line":725,"column":22}},"loc":{"start":{"line":725,"column":45},"end":{"line":725,"column":9}}},"57":{"name":"(anonymous_57)","decl":{"start":{"line":726,"column":27},"end":{"line":726,"column":28}},"loc":{"start":{"line":726,"column":45},"end":{"line":726,"column":4}}},"58":{"name":"(anonymous_58)","decl":{"start":{"line":732,"column":20},"end":{"line":732,"column":21}},"loc":{"start":{"line":732,"column":37},"end":{"line":732,"column":0}}},"59":{"name":"(anonymous_59)","decl":{"start":{"line":734,"column":21},"end":{"line":734,"column":22}},"loc":{"start":{"line":734,"column":45},"end":{"line":734,"column":9}}},"60":{"name":"(anonymous_60)","decl":{"start":{"line":735,"column":27},"end":{"line":735,"column":28}},"loc":{"start":{"line":735,"column":45},"end":{"line":735,"column":4}}},"61":{"name":"(anonymous_61)","decl":{"start":{"line":741,"column":20},"end":{"line":741,"column":21}},"loc":{"start":{"line":741,"column":37},"end":{"line":741,"column":0}}},"62":{"name":"(anonymous_62)","decl":{"start":{"line":745,"column":20},"end":{"line":745,"column":21}},"loc":{"start":{"line":745,"column":37},"end":{"line":745,"column":0}}},"63":{"name":"(anonymous_63)","decl":{"start":{"line":749,"column":15},"end":{"line":749,"column":16}},"loc":{"start":{"line":749,"column":32},"end":{"line":749,"column":0}}},"64":{"name":"(anonymous_64)","decl":{"start":{"line":773,"column":16},"end":{"line":773,"column":17}},"loc":{"start":{"line":773,"column":43},"end":{"line":773,"column":0}}},"65":{"name":"(anonymous_65)","decl":{"start":{"line":775,"column":34},"end":{"line":775,"column":39}},"loc":{"start":{"line":775,"column":40},"end":{"line":775,"column":2}}},"66":{"name":"(anonymous_66)","decl":{"start":{"line":779,"column":31},"end":{"line":779,"column":39}},"loc":{"start":{"line":779,"column":40},"end":{"line":779,"column":2}}},"67":{"name":"(anonymous_67)","decl":{"start":{"line":794,"column":45},"end":{"line":794,"column":50}},"loc":{"start":{"line":794,"column":51},"end":{"line":794,"column":6}}},"68":{"name":"(anonymous_68)","decl":{"start":{"line":801,"column":14},"end":{"line":801,"column":15}},"loc":{"start":{"line":801,"column":31},"end":{"line":801,"column":0}}},"69":{"name":"(anonymous_69)","decl":{"start":{"line":815,"column":14},"end":{"line":815,"column":24}},"loc":{"start":{"line":815,"column":25},"end":{"line":815,"column":0}}},"70":{"name":"(anonymous_70)","decl":{"start":{"line":933,"column":53},"end":{"line":933,"column":63}},"loc":{"start":{"line":933,"column":64},"end":{"line":933,"column":22}}},"71":{"name":"(anonymous_71)","decl":{"start":{"line":937,"column":9},"end":{"line":937,"column":15}},"loc":{"start":{"line":937,"column":16},"end":{"line":933,"column":22}}},"72":{"name":"getConfig","decl":{"start":{"line":946,"column":15},"end":{"line":946,"column":0}},"loc":{"start":{"line":946,"column":32},"end":{"line":978,"column":1}}},"73":{"name":"(anonymous_73)","decl":{"start":{"line":947,"column":36},"end":{"line":947,"column":45}},"loc":{"start":{"line":947,"column":46},"end":{"line":947,"column":17}}},"74":{"name":"(anonymous_74)","decl":{"start":{"line":957,"column":12},"end":{"line":957,"column":17}},"loc":{"start":{"line":957,"column":28},"end":{"line":947,"column":17}}},"75":{"name":"(anonymous_75)","decl":{"start":{"line":958,"column":60},"end":{"line":958,"column":69}},"loc":{"start":{"line":958,"column":70},"end":{"line":958,"column":48}}},"76":{"name":"(anonymous_76)","decl":{"start":{"line":967,"column":24},"end":{"line":967,"column":25}},"loc":{"start":{"line":967,"column":43},"end":{"line":967,"column":8}}},"77":{"name":"(anonymous_77)","decl":{"start":{"line":975,"column":13},"end":{"line":975,"column":19}},"loc":{"start":{"line":975,"column":20},"end":{"line":947,"column":17}}},"78":{"name":"resolvePathsInConfig","decl":{"start":{"line":980,"column":9},"end":{"line":980,"column":0}},"loc":{"start":{"line":980,"column":38},"end":{"line":988,"column":1}}},"79":{"name":"(anonymous_79)","decl":{"start":{"line":981,"column":23},"end":{"line":981,"column":31}},"loc":{"start":{"line":981,"column":32},"end":{"line":981,"column":4}}}},"branchMap":{"0":{"loc":{"start":{"line":5,"column":93},"end":{"line":5,"column":39}},"type":"cond-expr","locations":[{"start":{"line":5,"column":93},"end":{"line":5,"column":39}},{"start":{"line":5,"column":109},"end":{"line":5,"column":32}}]},"1":{"loc":{"start":{"line":5,"column":40},"end":{"line":5,"column":46}},"type":"binary-expr","locations":[{"start":{"line":5,"column":40},"end":{"line":5,"column":46}},{"start":{"line":5,"column":47},"end":{"line":5,"column":40}},{"start":{"line":5,"column":74},"end":{"line":5,"column":39}}]},"2":{"loc":{"start":{"line":48,"column":60},"end":{"line":48,"column":29}},"type":"cond-expr","locations":[{"start":{"line":48,"column":60},"end":{"line":48,"column":29}},{"start":{"line":48,"column":70},"end":{"line":48,"column":8}}]},"3":{"loc":{"start":{"line":57,"column":26},"end":{"line":57,"column":15}},"type":"cond-expr","locations":[{"start":{"line":57,"column":26},"end":{"line":57,"column":15}},{"start":{"line":57,"column":37},"end":{"line":57,"column":2}}]},"4":{"loc":{"start":{"line":58,"column":35},"end":{"line":58,"column":24}},"type":"cond-expr","locations":[{"start":{"line":58,"column":35},"end":{"line":58,"column":24}},{"start":{"line":58,"column":44},"end":{"line":58,"column":2}}]},"5":{"loc":{"start":{"line":71,"column":31},"end":{"line":71,"column":20}},"type":"cond-expr","locations":[{"start":{"line":71,"column":31},"end":{"line":71,"column":20}},{"start":{"line":71,"column":46},"end":{"line":71,"column":2}}]},"6":{"loc":{"start":{"line":72,"column":33},"end":{"line":72,"column":22}},"type":"cond-expr","locations":[{"start":{"line":72,"column":33},"end":{"line":72,"column":22}},{"start":{"line":72,"column":54},"end":{"line":72,"column":2}}]},"7":{"loc":{"start":{"line":79,"column":17},"end":{"line":79,"column":16}},"type":"binary-expr","locations":[{"start":{"line":79,"column":17},"end":{"line":79,"column":16}},{"start":{"line":79,"column":30},"end":{"line":79,"column":17}},{"start":{"line":79,"column":39},"end":{"line":79,"column":2}}]},"8":{"loc":{"start":{"line":103,"column":4},"end":{"line":105,"column":5}},"type":"if","locations":[{"start":{"line":103,"column":4},"end":{"line":105,"column":5}},{"start":{"line":103,"column":4},"end":{"line":105,"column":5}}]},"9":{"loc":{"start":{"line":113,"column":4},"end":{"line":115,"column":5}},"type":"if","locations":[{"start":{"line":113,"column":4},"end":{"line":115,"column":5}},{"start":{"line":113,"column":4},"end":{"line":115,"column":5}}]},"10":{"loc":{"start":{"line":124,"column":30},"end":{"line":124,"column":19}},"type":"cond-expr","locations":[{"start":{"line":124,"column":30},"end":{"line":124,"column":19}},{"start":{"line":124,"column":58},"end":{"line":124,"column":4}}]},"11":{"loc":{"start":{"line":130,"column":4},"end":{"line":132,"column":5}},"type":"if","locations":[{"start":{"line":130,"column":4},"end":{"line":132,"column":5}},{"start":{"line":130,"column":4},"end":{"line":132,"column":5}}]},"12":{"loc":{"start":{"line":134,"column":4},"end":{"line":136,"column":5}},"type":"if","locations":[{"start":{"line":134,"column":4},"end":{"line":136,"column":5}},{"start":{"line":134,"column":4},"end":{"line":136,"column":5}}]},"13":{"loc":{"start":{"line":139,"column":29},"end":{"line":139,"column":21}},"type":"cond-expr","locations":[{"start":{"line":139,"column":29},"end":{"line":139,"column":21}},{"start":{"line":139,"column":40},"end":{"line":139,"column":4}}]},"14":{"loc":{"start":{"line":141,"column":4},"end":{"line":143,"column":5}},"type":"if","locations":[{"start":{"line":141,"column":4},"end":{"line":143,"column":5}},{"start":{"line":141,"column":4},"end":{"line":143,"column":5}}]},"15":{"loc":{"start":{"line":145,"column":4},"end":{"line":147,"column":5}},"type":"if","locations":[{"start":{"line":145,"column":4},"end":{"line":147,"column":5}},{"start":{"line":145,"column":4},"end":{"line":147,"column":5}}]},"16":{"loc":{"start":{"line":149,"column":4},"end":{"line":151,"column":5}},"type":"if","locations":[{"start":{"line":149,"column":4},"end":{"line":151,"column":5}},{"start":{"line":149,"column":4},"end":{"line":151,"column":5}}]},"17":{"loc":{"start":{"line":153,"column":4},"end":{"line":155,"column":5}},"type":"if","locations":[{"start":{"line":153,"column":4},"end":{"line":155,"column":5}},{"start":{"line":153,"column":4},"end":{"line":155,"column":5}}]},"18":{"loc":{"start":{"line":158,"column":4},"end":{"line":160,"column":5}},"type":"if","locations":[{"start":{"line":158,"column":4},"end":{"line":160,"column":5}},{"start":{"line":158,"column":4},"end":{"line":160,"column":5}}]},"19":{"loc":{"start":{"line":168,"column":8},"end":{"line":170,"column":9}},"type":"if","locations":[{"start":{"line":168,"column":8},"end":{"line":170,"column":9}},{"start":{"line":168,"column":8},"end":{"line":170,"column":9}}]},"20":{"loc":{"start":{"line":173,"column":8},"end":{"line":176,"column":9}},"type":"if","locations":[{"start":{"line":173,"column":8},"end":{"line":176,"column":9}},{"start":{"line":173,"column":8},"end":{"line":176,"column":9}}]},"21":{"loc":{"start":{"line":178,"column":28},"end":{"line":178,"column":15}},"type":"cond-expr","locations":[{"start":{"line":178,"column":28},"end":{"line":178,"column":15}},{"start":{"line":178,"column":58},"end":{"line":178,"column":8}}]},"22":{"loc":{"start":{"line":204,"column":6},"end":{"line":206,"column":7}},"type":"if","locations":[{"start":{"line":204,"column":6},"end":{"line":206,"column":7}},{"start":{"line":204,"column":6},"end":{"line":206,"column":7}}]},"23":{"loc":{"start":{"line":221,"column":2},"end":{"line":223,"column":3}},"type":"if","locations":[{"start":{"line":221,"column":2},"end":{"line":223,"column":3}},{"start":{"line":221,"column":2},"end":{"line":223,"column":3}}]},"24":{"loc":{"start":{"line":224,"column":2},"end":{"line":226,"column":3}},"type":"if","locations":[{"start":{"line":224,"column":2},"end":{"line":226,"column":3}},{"start":{"line":224,"column":2},"end":{"line":226,"column":3}}]},"25":{"loc":{"start":{"line":231,"column":17},"end":{"line":231,"column":16}},"type":"binary-expr","locations":[{"start":{"line":231,"column":17},"end":{"line":231,"column":16}},{"start":{"line":231,"column":35},"end":{"line":231,"column":2}}]},"26":{"loc":{"start":{"line":232,"column":9},"end":{"line":232,"column":8}},"type":"binary-expr","locations":[{"start":{"line":232,"column":9},"end":{"line":232,"column":8}},{"start":{"line":232,"column":26},"end":{"line":232,"column":2}}]},"27":{"loc":{"start":{"line":265,"column":33},"end":{"line":265,"column":19}},"type":"cond-expr","locations":[{"start":{"line":265,"column":33},"end":{"line":265,"column":19}},{"start":{"line":265,"column":53},"end":{"line":265,"column":4}}]},"28":{"loc":{"start":{"line":268,"column":6},"end":{"line":273,"column":7}},"type":"if","locations":[{"start":{"line":268,"column":6},"end":{"line":273,"column":7}},{"start":{"line":268,"column":6},"end":{"line":273,"column":7}}]},"29":{"loc":{"start":{"line":281,"column":26},"end":{"line":281,"column":11}},"type":"cond-expr","locations":[{"start":{"line":281,"column":26},"end":{"line":281,"column":11}},{"start":{"line":281,"column":31},"end":{"line":281,"column":6}}]},"30":{"loc":{"start":{"line":284,"column":26},"end":{"line":284,"column":11}},"type":"cond-expr","locations":[{"start":{"line":284,"column":26},"end":{"line":284,"column":11}},{"start":{"line":284,"column":31},"end":{"line":284,"column":6}}]},"31":{"loc":{"start":{"line":287,"column":26},"end":{"line":287,"column":11}},"type":"cond-expr","locations":[{"start":{"line":287,"column":26},"end":{"line":287,"column":11}},{"start":{"line":287,"column":31},"end":{"line":287,"column":6}}]},"32":{"loc":{"start":{"line":291,"column":6},"end":{"line":293,"column":7}},"type":"if","locations":[{"start":{"line":291,"column":6},"end":{"line":293,"column":7}},{"start":{"line":291,"column":6},"end":{"line":293,"column":7}}]},"33":{"loc":{"start":{"line":291,"column":10},"end":{"line":291,"column":31}},"type":"binary-expr","locations":[{"start":{"line":291,"column":10},"end":{"line":291,"column":31}},{"start":{"line":291,"column":32},"end":{"line":291,"column":6}}]},"34":{"loc":{"start":{"line":295,"column":6},"end":{"line":295,"column":28}},"type":"if","locations":[{"start":{"line":295,"column":6},"end":{"line":295,"column":28}},{"start":{"line":295,"column":6},"end":{"line":295,"column":28}}]},"35":{"loc":{"start":{"line":296,"column":6},"end":{"line":296,"column":31}},"type":"if","locations":[{"start":{"line":296,"column":6},"end":{"line":296,"column":31}},{"start":{"line":296,"column":6},"end":{"line":296,"column":31}}]},"36":{"loc":{"start":{"line":297,"column":6},"end":{"line":299,"column":7}},"type":"if","locations":[{"start":{"line":297,"column":6},"end":{"line":299,"column":7}},{"start":{"line":297,"column":6},"end":{"line":299,"column":7}}]},"37":{"loc":{"start":{"line":303,"column":6},"end":{"line":303,"column":42}},"type":"if","locations":[{"start":{"line":303,"column":6},"end":{"line":303,"column":42}},{"start":{"line":303,"column":6},"end":{"line":303,"column":42}}]},"38":{"loc":{"start":{"line":336,"column":10},"end":{"line":340,"column":11}},"type":"if","locations":[{"start":{"line":336,"column":10},"end":{"line":340,"column":11}},{"start":{"line":336,"column":10},"end":{"line":340,"column":11}}]},"39":{"loc":{"start":{"line":400,"column":36},"end":{"line":400,"column":2}},"type":"cond-expr","locations":[{"start":{"line":400,"column":36},"end":{"line":400,"column":2}},{"start":{"line":402,"column":7},"end":{"line":383,"column":9}}]},"40":{"loc":{"start":{"line":400,"column":2},"end":{"line":400,"column":1}},"type":"binary-expr","locations":[{"start":{"line":400,"column":2},"end":{"line":400,"column":1}},{"start":{"line":400,"column":26},"end":{"line":400,"column":2}}]},"41":{"loc":{"start":{"line":410,"column":43},"end":{"line":410,"column":2}},"type":"cond-expr","locations":[{"start":{"line":410,"column":43},"end":{"line":410,"column":2}},{"start":{"line":410,"column":68},"end":{"line":383,"column":9}}]},"42":{"loc":{"start":{"line":410,"column":2},"end":{"line":410,"column":10}},"type":"binary-expr","locations":[{"start":{"line":410,"column":2},"end":{"line":410,"column":10}},{"start":{"line":410,"column":11},"end":{"line":410,"column":2}}]},"43":{"loc":{"start":{"line":410,"column":82},"end":{"line":410,"column":74}},"type":"cond-expr","locations":[{"start":{"line":410,"column":82},"end":{"line":410,"column":74}},{"start":{"line":410,"column":117},"end":{"line":383,"column":9}}]},"44":{"loc":{"start":{"line":410,"column":131},"end":{"line":410,"column":123}},"type":"cond-expr","locations":[{"start":{"line":410,"column":131},"end":{"line":410,"column":123}},{"start":{"line":410,"column":168},"end":{"line":383,"column":9}}]},"45":{"loc":{"start":{"line":414,"column":11},"end":{"line":414,"column":2}},"type":"cond-expr","locations":[{"start":{"line":414,"column":11},"end":{"line":414,"column":2}},{"start":{"line":414,"column":49},"end":{"line":383,"column":9}}]},"46":{"loc":{"start":{"line":421,"column":11},"end":{"line":421,"column":2}},"type":"cond-expr","locations":[{"start":{"line":421,"column":11},"end":{"line":421,"column":2}},{"start":{"line":421,"column":29},"end":{"line":383,"column":9}}]},"47":{"loc":{"start":{"line":421,"column":44},"end":{"line":421,"column":35}},"type":"cond-expr","locations":[{"start":{"line":421,"column":44},"end":{"line":421,"column":35}},{"start":{"line":421,"column":95},"end":{"line":383,"column":9}}]},"48":{"loc":{"start":{"line":429,"column":18},"end":{"line":429,"column":6}},"type":"cond-expr","locations":[{"start":{"line":429,"column":18},"end":{"line":429,"column":6}},{"start":{"line":434,"column":7},"end":{"line":425,"column":9}}]},"49":{"loc":{"start":{"line":435,"column":22},"end":{"line":435,"column":14}},"type":"cond-expr","locations":[{"start":{"line":435,"column":22},"end":{"line":435,"column":14}},{"start":{"line":435,"column":37},"end":{"line":null,"column":-1}}]},"50":{"loc":{"start":{"line":436,"column":15},"end":{"line":436,"column":6}},"type":"cond-expr","locations":[{"start":{"line":436,"column":15},"end":{"line":436,"column":6}},{"start":{"line":436,"column":58},"end":{"line":425,"column":9}}]},"51":{"loc":{"start":{"line":441,"column":16},"end":{"line":441,"column":2}},"type":"cond-expr","locations":[{"start":{"line":441,"column":16},"end":{"line":441,"column":2}},{"start":{"line":445,"column":7},"end":{"line":425,"column":9}}]},"52":{"loc":{"start":{"line":443,"column":22},"end":{"line":443,"column":14}},"type":"cond-expr","locations":[{"start":{"line":443,"column":22},"end":{"line":443,"column":14}},{"start":{"line":443,"column":36},"end":{"line":441,"column":34}}]},"53":{"loc":{"start":{"line":449,"column":11},"end":{"line":449,"column":2}},"type":"cond-expr","locations":[{"start":{"line":449,"column":11},"end":{"line":449,"column":2}},{"start":{"line":449,"column":43},"end":{"line":425,"column":9}}]},"54":{"loc":{"start":{"line":449,"column":58},"end":{"line":449,"column":49}},"type":"cond-expr","locations":[{"start":{"line":449,"column":58},"end":{"line":449,"column":49}},{"start":{"line":455,"column":7},"end":{"line":425,"column":9}}]},"55":{"loc":{"start":{"line":460,"column":11},"end":{"line":460,"column":2}},"type":"cond-expr","locations":[{"start":{"line":460,"column":11},"end":{"line":460,"column":2}},{"start":{"line":463,"column":7},"end":{"line":425,"column":9}}]},"56":{"loc":{"start":{"line":463,"column":55},"end":{"line":463,"column":13}},"type":"cond-expr","locations":[{"start":{"line":463,"column":55},"end":{"line":463,"column":13}},{"start":{"line":463,"column":113},"end":{"line":425,"column":9}}]},"57":{"loc":{"start":{"line":463,"column":13},"end":{"line":463,"column":22}},"type":"binary-expr","locations":[{"start":{"line":463,"column":13},"end":{"line":463,"column":22}},{"start":{"line":463,"column":23},"end":{"line":463,"column":13}}]},"58":{"loc":{"start":{"line":463,"column":161},"end":{"line":463,"column":119}},"type":"cond-expr","locations":[{"start":{"line":463,"column":161},"end":{"line":463,"column":119}},{"start":{"line":468,"column":7},"end":{"line":425,"column":9}}]},"59":{"loc":{"start":{"line":463,"column":119},"end":{"line":463,"column":128}},"type":"binary-expr","locations":[{"start":{"line":463,"column":119},"end":{"line":463,"column":128}},{"start":{"line":463,"column":129},"end":{"line":463,"column":119}}]},"60":{"loc":{"start":{"line":471,"column":25},"end":{"line":471,"column":2}},"type":"cond-expr","locations":[{"start":{"line":471,"column":25},"end":{"line":471,"column":2}},{"start":{"line":474,"column":7},"end":{"line":425,"column":9}}]},"61":{"loc":{"start":{"line":478,"column":81},"end":{"line":478,"column":72}},"type":"cond-expr","locations":[{"start":{"line":478,"column":81},"end":{"line":478,"column":72}},{"start":{"line":484,"column":7},"end":{"line":478,"column":9}}]},"62":{"loc":{"start":{"line":484,"column":22},"end":{"line":484,"column":13}},"type":"cond-expr","locations":[{"start":{"line":484,"column":22},"end":{"line":484,"column":13}},{"start":{"line":484,"column":80},"end":{"line":478,"column":9}}]},"63":{"loc":{"start":{"line":489,"column":29},"end":{"line":489,"column":18}},"type":"cond-expr","locations":[{"start":{"line":489,"column":29},"end":{"line":489,"column":18}},{"start":{"line":489,"column":84},"end":{"line":489,"column":2}}]},"64":{"loc":{"start":{"line":496,"column":31},"end":{"line":496,"column":16}},"type":"default-arg","locations":[{"start":{"line":496,"column":31},"end":{"line":496,"column":16}}]},"65":{"loc":{"start":{"line":497,"column":2},"end":{"line":499,"column":3}},"type":"if","locations":[{"start":{"line":497,"column":2},"end":{"line":499,"column":3}},{"start":{"line":497,"column":2},"end":{"line":499,"column":3}}]},"66":{"loc":{"start":{"line":523,"column":38},"end":{"line":523,"column":18}},"type":"cond-expr","locations":[{"start":{"line":523,"column":38},"end":{"line":523,"column":18}},{"start":{"line":523,"column":53},"end":{"line":523,"column":2}}]},"67":{"loc":{"start":{"line":525,"column":62},"end":{"line":525,"column":22}},"type":"cond-expr","locations":[{"start":{"line":525,"column":62},"end":{"line":525,"column":22}},{"start":{"line":530,"column":6},"end":{"line":525,"column":2}}]},"68":{"loc":{"start":{"line":539,"column":48},"end":{"line":539,"column":31}},"type":"cond-expr","locations":[{"start":{"line":539,"column":48},"end":{"line":539,"column":31}},{"start":{"line":544,"column":6},"end":{"line":539,"column":2}}]},"69":{"loc":{"start":{"line":552,"column":2},"end":{"line":555,"column":3}},"type":"if","locations":[{"start":{"line":552,"column":2},"end":{"line":555,"column":3}},{"start":{"line":552,"column":2},"end":{"line":555,"column":3}}]},"70":{"loc":{"start":{"line":562,"column":38},"end":{"line":562,"column":17}},"type":"cond-expr","locations":[{"start":{"line":562,"column":38},"end":{"line":562,"column":17}},{"start":{"line":566,"column":8},"end":{"line":557,"column":9}}]},"71":{"loc":{"start":{"line":564,"column":31},"end":{"line":564,"column":20}},"type":"cond-expr","locations":[{"start":{"line":564,"column":31},"end":{"line":564,"column":20}},{"start":{"line":564,"column":40},"end":{"line":562,"column":38}}]},"72":{"loc":{"start":{"line":565,"column":33},"end":{"line":565,"column":13}},"type":"cond-expr","locations":[{"start":{"line":565,"column":33},"end":{"line":565,"column":13}},{"start":{"line":565,"column":41},"end":{"line":null,"column":-1}}]},"73":{"loc":{"start":{"line":565,"column":13},"end":{"line":565,"column":21}},"type":"binary-expr","locations":[{"start":{"line":565,"column":13},"end":{"line":565,"column":21}},{"start":{"line":565,"column":22},"end":{"line":565,"column":13}}]},"74":{"loc":{"start":{"line":567,"column":26},"end":{"line":567,"column":15}},"type":"cond-expr","locations":[{"start":{"line":567,"column":26},"end":{"line":567,"column":15}},{"start":{"line":567,"column":74},"end":{"line":557,"column":9}}]},"75":{"loc":{"start":{"line":569,"column":26},"end":{"line":569,"column":14}},"type":"cond-expr","locations":[{"start":{"line":569,"column":26},"end":{"line":569,"column":14}},{"start":{"line":569,"column":102},"end":{"line":568,"column":40}}]},"76":{"loc":{"start":{"line":569,"column":49},"end":{"line":569,"column":27}},"type":"cond-expr","locations":[{"start":{"line":569,"column":49},"end":{"line":569,"column":27}},{"start":{"line":569,"column":65},"end":{"line":569,"column":26}}]},"77":{"loc":{"start":{"line":569,"column":27},"end":{"line":569,"column":39}},"type":"binary-expr","locations":[{"start":{"line":569,"column":27},"end":{"line":569,"column":39}},{"start":{"line":569,"column":40},"end":{"line":569,"column":27}}]},"78":{"loc":{"start":{"line":570,"column":22},"end":{"line":570,"column":12}},"type":"cond-expr","locations":[{"start":{"line":570,"column":22},"end":{"line":570,"column":12}},{"start":{"line":570,"column":94},"end":{"line":null,"column":-1}}]},"79":{"loc":{"start":{"line":570,"column":43},"end":{"line":570,"column":23}},"type":"cond-expr","locations":[{"start":{"line":570,"column":43},"end":{"line":570,"column":23}},{"start":{"line":570,"column":59},"end":{"line":570,"column":22}}]},"80":{"loc":{"start":{"line":570,"column":23},"end":{"line":570,"column":33}},"type":"binary-expr","locations":[{"start":{"line":570,"column":23},"end":{"line":570,"column":33}},{"start":{"line":570,"column":34},"end":{"line":570,"column":23}}]},"81":{"loc":{"start":{"line":574,"column":32},"end":{"line":574,"column":21}},"type":"cond-expr","locations":[{"start":{"line":574,"column":32},"end":{"line":574,"column":21}},{"start":{"line":574,"column":46},"end":{"line":573,"column":12}}]},"82":{"loc":{"start":{"line":575,"column":36},"end":{"line":575,"column":16}},"type":"cond-expr","locations":[{"start":{"line":575,"column":36},"end":{"line":575,"column":16}},{"start":{"line":575,"column":50},"end":{"line":573,"column":12}}]},"83":{"loc":{"start":{"line":575,"column":16},"end":{"line":575,"column":24}},"type":"binary-expr","locations":[{"start":{"line":575,"column":16},"end":{"line":575,"column":24}},{"start":{"line":575,"column":25},"end":{"line":575,"column":16}}]},"84":{"loc":{"start":{"line":576,"column":41},"end":{"line":576,"column":21}},"type":"cond-expr","locations":[{"start":{"line":576,"column":41},"end":{"line":576,"column":21}},{"start":{"line":576,"column":55},"end":{"line":573,"column":12}}]},"85":{"loc":{"start":{"line":576,"column":21},"end":{"line":576,"column":29}},"type":"binary-expr","locations":[{"start":{"line":576,"column":21},"end":{"line":576,"column":29}},{"start":{"line":576,"column":30},"end":{"line":576,"column":21}}]},"86":{"loc":{"start":{"line":577,"column":23},"end":{"line":577,"column":12}},"type":"cond-expr","locations":[{"start":{"line":577,"column":23},"end":{"line":577,"column":12}},{"start":{"line":577,"column":38},"end":{"line":573,"column":12}}]},"87":{"loc":{"start":{"line":582,"column":39},"end":{"line":582,"column":14}},"type":"cond-expr","locations":[{"start":{"line":582,"column":39},"end":{"line":582,"column":14}},{"start":{"line":589,"column":10},"end":{"line":582,"column":13}}]},"88":{"loc":{"start":{"line":604,"column":24},"end":{"line":604,"column":13}},"type":"cond-expr","locations":[{"start":{"line":604,"column":24},"end":{"line":604,"column":13}},{"start":{"line":609,"column":13},"end":{"line":null,"column":-1}}]},"89":{"loc":{"start":{"line":617,"column":25},"end":{"line":617,"column":16}},"type":"cond-expr","locations":[{"start":{"line":617,"column":25},"end":{"line":617,"column":16}},{"start":{"line":617,"column":56},"end":{"line":616,"column":17}}]},"90":{"loc":{"start":{"line":657,"column":4},"end":{"line":659,"column":5}},"type":"if","locations":[{"start":{"line":657,"column":4},"end":{"line":659,"column":5}},{"start":{"line":657,"column":4},"end":{"line":659,"column":5}}]},"91":{"loc":{"start":{"line":657,"column":8},"end":{"line":657,"column":7}},"type":"binary-expr","locations":[{"start":{"line":657,"column":8},"end":{"line":657,"column":7}},{"start":{"line":657,"column":27},"end":{"line":657,"column":4}}]},"92":{"loc":{"start":{"line":660,"column":4},"end":{"line":662,"column":5}},"type":"if","locations":[{"start":{"line":660,"column":4},"end":{"line":662,"column":5}},{"start":{"line":660,"column":4},"end":{"line":662,"column":5}}]},"93":{"loc":{"start":{"line":665,"column":4},"end":{"line":667,"column":5}},"type":"if","locations":[{"start":{"line":665,"column":4},"end":{"line":667,"column":5}},{"start":{"line":665,"column":4},"end":{"line":667,"column":5}}]},"94":{"loc":{"start":{"line":665,"column":8},"end":{"line":665,"column":7}},"type":"binary-expr","locations":[{"start":{"line":665,"column":8},"end":{"line":665,"column":7}},{"start":{"line":665,"column":21},"end":{"line":665,"column":4}}]},"95":{"loc":{"start":{"line":682,"column":4},"end":{"line":686,"column":5}},"type":"if","locations":[{"start":{"line":682,"column":4},"end":{"line":686,"column":5}},{"start":{"line":682,"column":4},"end":{"line":686,"column":5}}]},"96":{"loc":{"start":{"line":691,"column":4},"end":{"line":695,"column":5}},"type":"if","locations":[{"start":{"line":691,"column":4},"end":{"line":695,"column":5}},{"start":{"line":691,"column":4},"end":{"line":695,"column":5}}]},"97":{"loc":{"start":{"line":700,"column":25},"end":{"line":700,"column":24}},"type":"binary-expr","locations":[{"start":{"line":700,"column":25},"end":{"line":700,"column":24}},{"start":{"line":700,"column":43},"end":{"line":700,"column":4}}]},"98":{"loc":{"start":{"line":701,"column":4},"end":{"line":703,"column":5}},"type":"if","locations":[{"start":{"line":701,"column":4},"end":{"line":703,"column":5}},{"start":{"line":701,"column":4},"end":{"line":703,"column":5}}]},"99":{"loc":{"start":{"line":705,"column":4},"end":{"line":709,"column":5}},"type":"if","locations":[{"start":{"line":705,"column":4},"end":{"line":709,"column":5}},{"start":{"line":705,"column":4},"end":{"line":709,"column":5}}]},"100":{"loc":{"start":{"line":711,"column":4},"end":{"line":714,"column":5}},"type":"if","locations":[{"start":{"line":711,"column":4},"end":{"line":714,"column":5}},{"start":{"line":711,"column":4},"end":{"line":714,"column":5}}]},"101":{"loc":{"start":{"line":711,"column":8},"end":{"line":711,"column":7}},"type":"binary-expr","locations":[{"start":{"line":711,"column":8},"end":{"line":711,"column":7}},{"start":{"line":711,"column":27},"end":{"line":711,"column":4}}]},"102":{"loc":{"start":{"line":723,"column":30},"end":{"line":723,"column":20}},"type":"default-arg","locations":[{"start":{"line":723,"column":30},"end":{"line":723,"column":20}}]},"103":{"loc":{"start":{"line":732,"column":30},"end":{"line":732,"column":20}},"type":"default-arg","locations":[{"start":{"line":732,"column":30},"end":{"line":732,"column":20}}]},"104":{"loc":{"start":{"line":741,"column":30},"end":{"line":741,"column":20}},"type":"default-arg","locations":[{"start":{"line":741,"column":30},"end":{"line":741,"column":20}}]},"105":{"loc":{"start":{"line":745,"column":30},"end":{"line":745,"column":20}},"type":"default-arg","locations":[{"start":{"line":745,"column":30},"end":{"line":745,"column":20}}]},"106":{"loc":{"start":{"line":749,"column":25},"end":{"line":749,"column":15}},"type":"default-arg","locations":[{"start":{"line":749,"column":25},"end":{"line":749,"column":15}}]},"107":{"loc":{"start":{"line":781,"column":4},"end":{"line":785,"column":5}},"type":"if","locations":[{"start":{"line":781,"column":4},"end":{"line":785,"column":5}},{"start":{"line":781,"column":4},"end":{"line":785,"column":5}}]},"108":{"loc":{"start":{"line":787,"column":4},"end":{"line":790,"column":5}},"type":"if","locations":[{"start":{"line":787,"column":4},"end":{"line":790,"column":5}},{"start":{"line":787,"column":4},"end":{"line":790,"column":5}}]},"109":{"loc":{"start":{"line":787,"column":8},"end":{"line":787,"column":7}},"type":"binary-expr","locations":[{"start":{"line":787,"column":8},"end":{"line":787,"column":7}},{"start":{"line":787,"column":27},"end":{"line":787,"column":4}}]},"110":{"loc":{"start":{"line":792,"column":4},"end":{"line":797,"column":5}},"type":"if","locations":[{"start":{"line":792,"column":4},"end":{"line":797,"column":5}},{"start":{"line":792,"column":4},"end":{"line":797,"column":5}}]},"111":{"loc":{"start":{"line":792,"column":8},"end":{"line":792,"column":7}},"type":"binary-expr","locations":[{"start":{"line":792,"column":8},"end":{"line":792,"column":7}},{"start":{"line":792,"column":26},"end":{"line":792,"column":4}}]},"112":{"loc":{"start":{"line":795,"column":56},"end":{"line":795,"column":55}},"type":"binary-expr","locations":[{"start":{"line":795,"column":56},"end":{"line":795,"column":55}},{"start":{"line":795,"column":83},"end":{"line":795,"column":88}}]},"113":{"loc":{"start":{"line":801,"column":24},"end":{"line":801,"column":14}},"type":"default-arg","locations":[{"start":{"line":801,"column":24},"end":{"line":801,"column":14}}]},"114":{"loc":{"start":{"line":817,"column":2},"end":{"line":822,"column":3}},"type":"if","locations":[{"start":{"line":817,"column":2},"end":{"line":822,"column":3}},{"start":{"line":817,"column":2},"end":{"line":822,"column":3}}]},"115":{"loc":{"start":{"line":824,"column":16},"end":{"line":824,"column":15}},"type":"binary-expr","locations":[{"start":{"line":824,"column":16},"end":{"line":824,"column":15}},{"start":{"line":824,"column":33},"end":{"line":824,"column":2}}]},"116":{"loc":{"start":{"line":828,"column":4},"end":{"line":830,"column":6}},"type":"switch","locations":[{"start":{"line":828,"column":4},"end":{"line":830,"column":6}},{"start":{"line":831,"column":4},"end":{"line":833,"column":6}},{"start":{"line":834,"column":4},"end":{"line":null,"column":-1}},{"start":{"line":835,"column":4},"end":{"line":836,"column":6}}]},"117":{"loc":{"start":{"line":941,"column":0},"end":{"line":944,"column":1}},"type":"if","locations":[{"start":{"line":941,"column":0},"end":{"line":944,"column":1}},{"start":{"line":941,"column":0},"end":{"line":944,"column":1}}]},"118":{"loc":{"start":{"line":952,"column":8},"end":{"line":954,"column":9}},"type":"if","locations":[{"start":{"line":952,"column":8},"end":{"line":954,"column":9}},{"start":{"line":952,"column":8},"end":{"line":954,"column":9}}]},"119":{"loc":{"start":{"line":960,"column":12},"end":{"line":964,"column":13}},"type":"if","locations":[{"start":{"line":960,"column":12},"end":{"line":964,"column":13}},{"start":{"line":960,"column":12},"end":{"line":964,"column":13}}]},"120":{"loc":{"start":{"line":969,"column":12},"end":{"line":971,"column":13}},"type":"if","locations":[{"start":{"line":969,"column":12},"end":{"line":971,"column":13}},{"start":{"line":969,"column":12},"end":{"line":971,"column":13}}]},"121":{"loc":{"start":{"line":970,"column":43},"end":{"line":970,"column":42}},"type":"binary-expr","locations":[{"start":{"line":970,"column":43},"end":{"line":970,"column":42}},{"start":{"line":970,"column":67},"end":{"line":970,"column":16}}]},"122":{"loc":{"start":{"line":982,"column":8},"end":{"line":984,"column":9}},"type":"if","locations":[{"start":{"line":982,"column":8},"end":{"line":984,"column":9}},{"start":{"line":982,"column":8},"end":{"line":984,"column":9}}]}},"s":{"0":1,"1":21,"2":1,"3":1,"4":1,"5":1,"6":1,"7":1,"8":1,"9":1,"10":1,"11":1,"12":1,"13":1,"14":1,"15":1,"16":1,"17":1,"18":1,"19":1,"20":1,"21":1,"22":1,"23":1,"24":1,"25":1,"26":1,"27":1,"28":1,"29":1,"30":1,"31":1,"32":1,"33":1,"34":1,"35":1,"36":2,"37":23,"38":0,"39":0,"40":0,"41":1,"42":7,"43":7,"44":7,"45":7,"46":7,"47":7,"48":7,"49":1,"50":7,"51":7,"52":7,"53":7,"54":7,"55":7,"56":7,"57":7,"58":7,"59":1,"60":1,"61":1,"62":1,"63":1,"64":0,"65":0,"66":0,"67":0,"68":0,"69":0,"70":0,"71":0,"72":0,"73":0,"74":0,"75":0,"76":0,"77":0,"78":0,"79":0,"80":0,"81":0,"82":0,"83":0,"84":0,"85":0,"86":0,"87":0,"88":0,"89":0,"90":0,"91":0,"92":0,"93":3,"94":3,"95":3,"96":3,"97":0,"98":0,"99":0,"100":0,"101":0,"102":1,"103":1,"104":1,"105":1,"106":7,"107":1,"108":7,"109":7,"110":7,"111":7,"112":7,"113":7,"114":7,"115":0,"116":0,"117":7,"118":1,"119":2,"120":0,"121":2,"122":0,"123":2,"124":1,"125":4,"126":4,"127":1,"128":4,"129":1,"130":1,"131":1,"132":2,"133":2,"134":3,"135":4,"136":3,"137":3,"138":3,"139":1,"140":0,"141":0,"142":0,"143":0,"144":0,"145":0,"146":0,"147":0,"148":0,"149":0,"150":0,"151":0,"152":0,"153":0,"154":0,"155":0,"156":0,"157":0,"158":0,"159":0,"160":0,"161":0,"162":0,"163":0,"164":0,"165":0,"166":0,"167":0,"168":0,"169":0,"170":0,"171":0,"172":0,"173":0,"174":0,"175":0,"176":0,"177":0,"178":0,"179":0,"180":0,"181":0,"182":0,"183":0,"184":0,"185":0,"186":0,"187":0,"188":0,"189":0,"190":0,"191":0,"192":0,"193":0,"194":0,"195":0,"196":0,"197":0,"198":0,"199":1,"200":7,"201":1,"202":4,"203":1,"204":3,"205":1,"206":7,"207":7,"208":7,"209":1,"210":1,"211":1,"212":8,"213":1,"214":7,"215":7,"216":7,"217":7,"218":7,"219":7,"220":7,"221":7,"222":7,"223":7,"224":7,"225":7,"226":7,"227":7,"228":0,"229":0,"230":7,"231":0,"232":0,"233":0,"234":0,"235":0,"236":0,"237":0,"238":0,"239":0,"240":0,"241":0,"242":3,"243":0,"244":3,"245":0,"246":3,"247":1,"248":2,"249":1,"250":2,"251":0,"252":0,"253":2,"254":2,"255":0,"256":0,"257":0,"258":2,"259":2,"260":2,"261":2,"262":2,"263":2,"264":0,"265":0,"266":0,"267":2,"268":0,"269":0,"270":2,"271":2,"272":2,"273":1,"274":1,"275":1,"276":1,"277":1,"278":1,"279":1,"280":1,"281":1,"282":1,"283":1,"284":1,"285":0,"286":1,"287":0,"288":1,"289":2,"290":2,"291":2,"292":2,"293":2,"294":2,"295":2,"296":2,"297":1,"298":1,"299":1,"300":0,"301":1,"302":1,"303":1,"304":0,"305":0,"306":0,"307":1,"308":0,"309":0,"310":1,"311":1,"312":1,"313":1,"314":1,"315":1,"316":1,"317":1,"318":1,"319":1,"320":0,"321":0,"322":0,"323":0,"324":0,"325":0,"326":0,"327":0,"328":0,"329":0,"330":0,"331":1,"332":1,"333":1,"334":1,"335":1,"336":1,"337":1,"338":1,"339":1,"340":0,"341":1,"342":0,"343":0,"344":5,"345":5,"346":5,"347":5,"348":0,"349":5,"350":5,"351":5,"352":5,"353":0,"354":5,"355":5,"356":5,"357":5,"358":0,"359":5,"360":0,"361":1,"362":4,"363":4,"364":1,"365":1,"366":1,"367":1,"368":1,"369":1,"370":1,"371":1,"372":1,"373":1,"374":1,"375":1},"f":{"0":21,"1":2,"2":23,"3":0,"4":0,"5":0,"6":7,"7":7,"8":0,"9":0,"10":0,"11":3,"12":3,"13":7,"14":7,"15":7,"16":7,"17":7,"18":0,"19":2,"20":4,"21":4,"22":2,"23":2,"24":3,"25":4,"26":3,"27":0,"28":0,"29":0,"30":0,"31":0,"32":0,"33":0,"34":0,"35":0,"36":0,"37":0,"38":0,"39":0,"40":0,"41":7,"42":4,"43":3,"44":7,"45":8,"46":0,"47":0,"48":3,"49":0,"50":0,"51":2,"52":2,"53":0,"54":2,"55":1,"56":1,"57":1,"58":1,"59":1,"60":1,"61":0,"62":0,"63":2,"64":1,"65":0,"66":1,"67":1,"68":1,"69":0,"70":1,"71":0,"72":5,"73":5,"74":5,"75":5,"76":5,"77":0,"78":1,"79":4},"b":{"0":[0,21],"1":[21,21,2],"2":[0,0],"3":[3,4],"4":[3,4],"5":[3,4],"6":[3,4],"7":[7,4,3],"8":[0,0],"9":[0,0],"10":[0,0],"11":[0,0],"12":[0,0],"13":[0,0],"14":[0,0],"15":[0,0],"16":[0,0],"17":[0,0],"18":[0,0],"19":[3,0],"20":[0,0],"21":[0,0],"22":[0,7],"23":[0,2],"24":[0,2],"25":[4,2],"26":[4,2],"27":[0,0],"28":[0,0],"29":[0,0],"30":[0,0],"31":[0,0],"32":[0,0],"33":[0,0],"34":[0,0],"35":[0,0],"36":[0,0],"37":[0,0],"38":[0,0],"39":[0,7],"40":[7,7],"41":[0,7],"42":[7,5],"43":[5,2],"44":[5,2],"45":[2,5],"46":[2,5],"47":[2,5],"48":[0,4],"49":[3,1],"50":[3,1],"51":[4,0],"52":[3,1],"53":[1,3],"54":[1,3],"55":[1,3],"56":[1,3],"57":[4,1],"58":[0,4],"59":[4,1],"60":[0,4],"61":[1,2],"62":[1,2],"63":[3,4],"64":[0],"65":[1,7],"66":[0,7],"67":[7,0],"68":[7,0],"69":[0,7],"70":[7,0],"71":[4,3],"72":[6,1],"73":[7,2],"74":[3,4],"75":[0,7],"76":[0,0],"77":[0,0],"78":[7,0],"79":[3,4],"80":[7,7],"81":[3,4],"82":[6,1],"83":[7,2],"84":[6,1],"85":[7,2],"86":[3,4],"87":[0,7],"88":[4,3],"89":[2,5],"90":[0,0],"91":[0,0],"92":[0,0],"93":[0,0],"94":[0,0],"95":[0,2],"96":[0,2],"97":[2,2],"98":[2,0],"99":[0,2],"100":[0,2],"101":[2,0],"102":[0],"103":[0],"104":[0],"105":[0],"106":[0],"107":[0,1],"108":[0,1],"109":[1,0],"110":[1,0],"111":[1,1],"112":[1,1],"113":[0],"114":[0,0],"115":[0,0],"116":[0,0,0,0],"117":[0,1],"118":[0,5],"119":[0,5],"120":[0,5],"121":[0,0],"122":[4,0]},"l":{"3":1,"5":21,"7":1,"8":1,"9":1,"10":1,"11":1,"12":1,"13":1,"14":1,"15":1,"16":1,"17":1,"18":1,"19":1,"20":1,"21":1,"22":1,"23":1,"24":1,"25":1,"26":1,"27":1,"28":1,"29":1,"30":1,"31":1,"32":1,"33":1,"34":1,"35":1,"36":1,"38":1,"39":1,"40":1,"42":1,"43":2,"44":23,"45":0,"46":0,"48":0,"52":1,"53":7,"54":7,"55":7,"56":7,"57":7,"58":7,"60":7,"70":1,"71":7,"72":7,"73":7,"74":7,"75":7,"76":7,"78":7,"79":7,"80":7,"92":1,"93":1,"97":1,"99":1,"100":1,"103":0,"104":0,"107":0,"113":0,"114":0,"118":0,"119":0,"121":0,"124":0,"125":0,"126":0,"130":0,"131":0,"134":0,"135":0,"138":0,"139":0,"141":0,"142":0,"145":0,"146":0,"149":0,"150":0,"153":0,"154":0,"157":0,"158":0,"159":0,"162":0,"166":3,"167":3,"168":3,"169":3,"172":0,"173":0,"174":0,"175":0,"178":0,"182":1,"183":1,"184":1,"186":1,"187":7,"190":1,"191":7,"192":7,"197":7,"201":7,"202":7,"203":7,"204":7,"205":0,"207":7,"220":1,"221":2,"222":0,"224":2,"225":0,"227":2,"230":1,"231":4,"232":4,"235":4,"236":1,"237":1,"238":1,"242":2,"243":2,"244":4,"245":3,"247":3,"248":3,"255":1,"259":0,"263":0,"264":0,"265":0,"268":0,"269":0,"270":0,"272":0,"278":0,"280":0,"281":0,"283":0,"284":0,"286":0,"287":0,"289":0,"291":0,"292":0,"295":0,"296":0,"297":0,"298":0,"302":0,"303":0,"305":0,"306":0,"308":0,"310":0,"311":0,"313":0,"314":0,"316":0,"332":0,"333":0,"334":0,"335":0,"336":0,"337":0,"339":0,"344":0,"345":0,"346":0,"349":0,"350":0,"351":0,"354":0,"355":0,"356":0,"359":0,"360":0,"361":0,"365":0,"366":0,"367":0,"370":0,"371":0,"382":1,"383":7,"424":1,"425":4,"477":1,"478":3,"487":1,"488":7,"489":7,"490":7,"493":1,"494":1,"496":1,"497":8,"498":1,"508":7,"519":7,"521":7,"522":7,"523":7,"524":7,"525":7,"532":7,"539":7,"546":7,"548":7,"549":7,"550":7,"552":7,"553":0,"554":0,"557":7,"655":0,"657":0,"658":0,"660":0,"661":0,"664":0,"665":0,"666":0,"669":0,"670":0,"674":3,"675":3,"676":3,"679":2,"681":1,"682":2,"683":0,"684":0,"687":2,"691":2,"692":0,"693":0,"694":0,"697":2,"698":2,"700":2,"701":2,"702":2,"705":2,"706":0,"707":0,"708":0,"711":2,"712":0,"713":0,"716":2,"717":2,"718":2,"721":1,"723":1,"724":1,"725":1,"726":1,"727":1,"732":1,"733":1,"734":1,"735":1,"736":1,"741":1,"742":0,"745":1,"746":0,"749":1,"750":2,"751":2,"752":2,"753":2,"755":2,"760":2,"761":2,"767":2,"773":1,"774":1,"775":1,"776":0,"779":1,"780":1,"781":1,"782":0,"783":0,"784":0,"787":1,"788":0,"789":0,"792":1,"793":1,"794":1,"795":1,"801":1,"802":1,"803":1,"809":1,"812":1,"815":1,"816":0,"817":0,"818":0,"824":0,"825":0,"827":0,"829":0,"830":0,"832":0,"833":0,"836":0,"840":1,"922":1,"924":1,"926":1,"928":1,"933":1,"934":1,"935":1,"936":1,"938":0,"941":1,"942":0,"943":0,"947":5,"948":5,"949":5,"952":5,"953":0,"956":5,"958":5,"959":5,"960":5,"961":0,"963":5,"967":5,"968":5,"969":5,"970":0,"974":5,"976":0,"981":1,"982":4,"983":4,"987":1,"990":1,"991":1,"992":1,"993":1,"994":1,"995":1,"996":1,"997":1,"998":1,"999":1,"1000":1},"code":["'use strict';","","Object.defineProperty(exports, '__esModule', { value: true });","","function _interopDefault (ex) { return (ex && (typeof ex === 'object') && 'default' in ex) ? ex['default'] : ex; }","","var webpack = _interopDefault(require('webpack'));","var chalk$1 = _interopDefault(require('chalk'));","var fsExtra = require('fs-extra');","var frostUtils = require('frost-utils');","var path = require('path');","var appRootDir = require('app-root-dir');","var ExtractCssChunks = _interopDefault(require('extract-css-chunks-webpack-plugin'));","var builtinModules = _interopDefault(require('builtin-modules'));","var resolvePkg = _interopDefault(require('resolve-pkg'));","var loaderUtils = require('loader-utils');","var CaseSensitivePathsPlugin = _interopDefault(require('case-sensitive-paths-webpack-plugin'));","var StatsPlugin = _interopDefault(require('stats-webpack-plugin'));","var webpackBundleAnalyzer = require('webpack-bundle-analyzer');","var ServiceWorkerPlugin = _interopDefault(require('serviceworker-webpack-plugin'));","var BabiliMinifyPlugin = _interopDefault(require('babel-minify-webpack-plugin'));","var UglifyPlugin = _interopDefault(require('uglifyjs-webpack-plugin'));","var SriPlugin = _interopDefault(require('webpack-subresource-integrity'));","var HardSourcePlugin = _interopDefault(require('hard-source-webpack-plugin'));","var AutoDllPlugin = _interopDefault(require('autodll-webpack-plugin'));","var ora = _interopDefault(require('ora'));","var HtmlWebpackPlugin = _interopDefault(require('html-webpack-plugin'));","var webpackDevMiddleware = _interopDefault(require('webpack-dev-middleware'));","var webpackHotMiddleware = _interopDefault(require('webpack-hot-middleware'));","var webpackHotServerMiddleware = _interopDefault(require('webpack-hot-server-middleware'));","var frostExpress = require('frost-express');","var notifier = _interopDefault(require('node-notifier'));","var frostShared = require('frost-shared');","var cosmiconfig = _interopDefault(require('cosmiconfig'));","var lodash = require('lodash');","var jsome = _interopDefault(require('jsome'));","","const infoColor = chalk$1.rgb(135, 206, 250);","const successColor = chalk$1.rgb(102, 205, 170);","const warningColor = chalk$1.rgb(255, 165, 0);","","const Logger$1 = {","    success: msg => successColo
[...]
way to manage the various webpack plugins","  * between the various different build environments","  *"," */","","const basePlugins = (env, webpackTarget, isDev, isProd, babelEnv, { verbose, cacheLoader }) => {","  return [new webpack.DefinePlugin({","    // These need to be kept separate to allow for usage with","    // libraries like dotenv","    'process.env.NODE_ENV': JSON.stringify(env),","    'process.env.TARGET': JSON.stringify(webpackTarget),","    'process.env.BABEL_ENV': JSON.stringify(babelEnv)","  }),","","  // Improves OS Compat","  // See: https://github.com/Urthen/case-sensitive-paths-webpack-plugin","  new CaseSensitivePathsPlugin(),","","  // Performs rebuild automatically when new dependencies are installed","  // Not sure why this is not the default behavior.","  new MissingModules(),","","  // Enables our custom progress plugin for a better Developer Experience","  process.stdout.isTTY && verbose ? new Progress({","    prefix: 'frost'","  }) : null,","","  // Provides an intermediate caching step for webpack modules. This","  // makes the second+ build significantly faster. We use either this or","  // cache loader depending on the cacheLoader config string. While it is","  // possible to use both in conjunction, it occurs too much start up","  // build time.","  // See: https://github.com/mzgoddard/hard-source-webpack-plugin","  isDev && cacheLoader === 'hard-source' ? new HardSourcePlugin() : null, isDev ? new webpack.NamedModulesPlugin() : null, isDev ? new webpack.NoEmitOnErrorsPlugin() : null,","","  // Generates IDs that preserve over builds","  // https://github.com/webpack/webpack.js.org/issues/652#issuecomment-273324529","  isProd ? new webpack.HashedModuleIdsPlugin() : null,","","  // This is used to guarentee that our generated [chunkhash]'s are different ONLY","  // if the content for the respective chunks have changed. This allows for maximization","  // of a long-term browser caching strategy for the client bundle, avoiding cases","  // where browsers end up having to download all of the chunks again even though","  // only one or two may have changed","  isProd ? new ChunkHash() : null, isProd ? new webpack.optimize.ModuleConcatenationPlugin() : null].filter(Boolean);","};","","const clientPlugins = (isDev, isProd, hasVendor, hasHmr, Root, { compression, pwa, sourceMaps, mode, templates, autoDll }) => {","  return [new webpack.optimize.CommonsChunkPlugin({","    name: 'manifest',","    minChunks: Infinity,","    filename: 'manifest.js'","  }), hasVendor ? new webpack.optimize.CommonsChunkPlugin({","    name: 'vendor',","    children: true,","    minChunks: 2,","    async: true","  }) : null, new ExtractCssChunks({","    filename: isDev ? '[name].css' : '[name]-[contenthash:base62:8].css'","  }), hasHmr ? new webpack.HotModuleReplacementPlugin() : null,","","  // AutoDLL plugin to help optimize code that changes less frequently","  // in builds by extracting them to a separate bundle in advance","  // See: http://github.com/asfktz/autodll-webpack-plugin","  autoDll.use ? new AutoDllPlugin({","    context: Root,","    filename: isDev ? '[name].js' : '[name].[chunkhash].js',","    entry: autoDll.entries","  }) : null,","","  // Let the server side renderer know about our client assets","  // https://github.com/FormidableLabs/webpack-stats-plugin","  isProd ? new StatsPlugin('stats.json') : null, isProd ? new webpackBundleAnalyzer.BundleAnalyzerPlugin({","    analyzerMode: 'static',","    defaultSizes: 'gzip',","    logLevel: 'silent',","    openAnalyzer: false,","    reportFilename: 'report.html'","  }) : null,","","  // Subresource Integrity is a security feature that allows browsers to verify","  // that the files they fetch are delivered without manipulation","  // https://www.npmjs.com/package/webpack-subresource-integrity","  isProd ? new SriPlugin({","    hashFuncNames: ['sha256', 'sha512'],","    enabled: true","  }) : null, isProd && compression.type === 'babili' ? new BabiliMinifyPlugin(compression.babiliClientOptions) : null, isProd && compression.type === 'uglify' ? new UglifyPlugin({","    sourcemap: sourceMaps,","    parallel: true,","    cache: true,","    uglifyOptions: compression.uglifyOptions","  }) : null,","","  // mode === 'static' ? ...Templates(templates) : null,","  pwa.hasServiceWorker ? new ServiceWorkerPlugin({","    entry: pwa.serviceWorkerEntry,","    exclude: ['*hot-update', '**/*.map', '**/stats.json']","  }) : null].filter(Boolean);","};","","const serverPlugins = (isDev, isProd, { compression }) => {","  return [new webpack.optimize.LimitChunkCountPlugin({ maxChunks: 1 }), isProd ? new webpackBundleAnalyzer.BundleAnalyzerPlugin({","    analyzerMode: 'static',","    defaultSizes: 'parsed',","    logLevel: 'silent',","    openAnalyzer: false,","    reportFilename: 'report.html'","  }) : null, isProd ? new BabiliMinifyPlugin(compression.babiliServerOptions) : null].filter(Boolean);","};","","var PluginManager = ((env, webpackTarget, isDev, isProd, isServer, hasVendor, hasHmr, babelEnv, Root, config) => {","  const base = basePlugins(env, webpackTarget, isDev, isProd, babelEnv, config);","  const plugins = isServer ? base.concat(...serverPlugins(isDev, isProd, config)) : base.concat(...clientPlugins(isDev, isProd, hasVendor, hasHmr, Root, config));","  return plugins;","});","","const Root = appRootDir.get();","const pkg = require(path.resolve(Root, 'package.json'));","","var compiler = ((target, env = 'development', config) => {","  if (!config) {","    throw new Error(`Frost Webpack Compiler needs a configuration object`);","  }","","  const {","    isClient,","    isServer,","    isDev,","    isProd,","    name,","    webpackTarget","  } = configureCompiler(target, env);","","  const {","    mainEntry,","    vendorEntry,","    hasMain,","    hasVendor,","    serverOutput,","    clientOutput,","    hasHmr,","    hmrMiddleware","  } = buildEntryAndOutput(config, isServer, isDev);","","  const prefix = chalk$1.bold(target.toUpperCase());","  const babelEnv = `frost-${env}-${target}`;","  const devtool = config.sourceMaps ? 'source-map' : false;","  const loaderCache = path.resolve(Root, cacheHash('loader', pkg, target, env));","  const cacheLoader = config.cacheLoader === 'cache-loader' ? {","    loader: 'cache-loader',","    options: {","      cacheDirectory: loaderCache","    }","  } : null;","","  const cssLoaderOptions = {","    modules: true,","    localIdentName: '[local]-[hash:base62:8]',","    minimize: false,","    sourceMap: config.sourceMaps","  };","","  const postcssLoaderOptions = config.postcss ? {","    loader: 'postcss-loader',","    query: {","      sourceMap: config.sourceMaps","    }","  } : null;","","  const plugins = PluginManager(env, webpackTarget, isDev, isProd, isServer, hasVendor, hasHmr, babelEnv, Root, config);","","  console.log(Logger$1.info(chalk$1.underline(`${prefix} Configuration`)));","  console.log(`→ Environment: ${Logger$1.info(env)}`);","  console.log(`→ Webpack Target: ${Logger$1.info(webpackTarget)}`);","","  if (config.verbose) {","    console.log(`→ Enable Source Maps: ${Logger$1.info(devtool)}`);","    console.log(`→ Use Cache Loader: ${Logger$1.info(config.sourceMaps)}`);","  }","","  return {","    name,","    devtool,","    target: webpackTarget,","    context: Root,","    performance: config.performance ? {","      maxEntrypointSize: 1000000,","      maxAssetSize: isClient ? 300000 : Infinity,","      hints: isDev || isServer ? false : 'warning'","    } : {},","    externals: isServer ? getExternals(false, [vendorEntry, mainEntry]) : undefined,","    entry: frostUtils.objectRemoveEmpty({","      vendor: hasVendor ? [hasVendor && hasHmr ? hmrMiddleware : null, vendorEntry].filter(Boolean) : null,","      main: hasMain ? [hasMain && hasHmr ? hmrMiddleware : null, mainEntry].filter(Boolean) : null","    }),","","    output: {","      libraryTarget: isServer ? 'commonjs2' : 'var',","      filename: isDev || isServer ? '[name].js' : '[name]-[chunkhash].js',","      chunkFilename: isDev || isServer ? '[name].js' : '[name]-[chunkhash].js',","      path: isServer ? serverOutput : clientOutput,","      crossOriginLoading: 'anonymous'","    },","","    module: {","      rules: [config.eslint === true ? {","        test: config.files.babel,","        include: [config.entry.client, config.entry.server],","        enforce: 'pre',","        use: {","          loader: 'eslint-loader'","        }","      } : {}, {","        test: config.files.babel,","        loader: 'source-map-loader',","        enforce: 'pre',","        options: {","          quiet: true","        }","      }, {","        test: config.files.babel,","        use: [cacheLoader, {","          loader: 'babel-loader',","          options: config.babel","        }].filter(Boolean)","      }, {","        test: config.files.styles,","        use: isClient ? ExtractCssChunks.extract({","          use: [cacheLoader, {","            loader: 'css-loader',","            options: cssLoaderOptions","          }, postcssLoaderOptions].filter(Boolean)","        }) : [cacheLoader, {","          loader: 'css-loader/locals',","          options: cssLoaderOptions","        }, postcssLoaderOptions].filter(Boolean)","      }, {","        test: config.files.fonts,","        loader: 'file-loader',","        options: {","          name: isProd ? 'file-[hash:base62:8].[ext]' : '[path][name].[ext]',","          emitFile: isClient","        }","      }, {","        test: config.files.images,","        use: ['file-loader', {","          loader: 'image-webpack-loader',","          options: config.images","        }]","      }, {","        test: config.files.video,","        use: {","          loader: 'url-loader',","          options: {","            limit: 10000","          }","        }","      }, {","        test: /manifest.json$/,","        use: [{","          loader: 'file-loader'","        }, {","          loader: 'manifest-loader'","        }]","      }]","    },","","    resolveLoader: {","      alias: {","        'manifest-loader': path.join(__dirname, './loaders/manifest')","      }","    },","","    plugins: [...plugins]","  };","});","","function formatRaw(message, err) {","    let lines = message.split('\\n');","","    if (lines.lengh > 2 && lines[1] === '') {","        lines.splice(1);","    }","    if (lines[0].lastIndexOf('!') !== -1) {","        lines[0] = lines[0].substr(lines[0].lastIndexOf('!') + 1);","    }","","    lines = lines.filter(line => lines.indexOf(' @ ') !== 0);","    if (!lines[0] || !lines[1]) {","        return lines.join('\\n');","    }","","    message = lines.join('\\n');","    return message.trim();","}","","function formatWebpack(json) {","    const errors = json.errors.map(error => formatRaw(error, true));","    const warnings = json.warnings.map(warning => formatRaw(warning, false));","    return { errors, warnings };","}","","const isMultiStats = stats => stats.stats;","","const getCompileTime = stats => {","    if (isMultiStats(stats)) {","        return stats.stats.reduce((time, stats) => {","            return Math.max(time, getCompileTime(stats));","        }, 0);","    }","    return stats.endTime - stats.startTime;","};","","function formatOutput(error, stats, target, resolve$$1, reject) {","    if (error) {","        const msg = `Fatal error while compiling ${taget}: ${error}`;","        console.error(Logger$1.err(msg));","        return reject(msg);","    }","","    const raw = stats.toJson({});","    const { errors, warnings } = formatWebpack(raw);","","    const isSuccessful = !errors.length && !warnings.length;","    if (isSuccessful) {","        console.log(Logger$1.success(`Compiled ${target} successfully`));","    }","","    if (errors.length) {","        console.error(Logger$1.error(`Failed to compile ${target}`));","        console.log(errors.join('\\n\\n'));","        return reject(`Failed to compile ${target}`);","    }","","    if (warnings.length && !errors.length) {","        console.log(Logger$1.warning(`Compiled ${target} with warnings`));","        console.log(warnings.join('\\n\\n'));","    }","","    const compileTime = getCompileTime(stats);","    console.log(Logger$1.info(`${target} compiled in: ${compileTime}ms`));","    return resolve$$1(true);","}","","const removePromise = frostUtils.promisify(fsExtra.remove);","","const buildClient = (config = {}) => {","  const webpackConfig = compiler('client', 'production', config);","  return new Promise((resolve$$1, reject) => {","    webpack(webpackConfig, (error, stats) => {","      return formatOutput(error, stats, 'client', resolve$$1, reject);","    });","  });","};","","const buildServer = (config = {}) => {","  const webpackConfig = compiler('server', 'production', config);","  return new Promise((resolve$$1, reject) => {","    webpack(webpackConfig, (error, stats) => {","      return formatOutput(error, stats, 'server', resolve$$1, reject);","    });","  });","};","","const cleanClient = (config = {}) => {","  return removePromise(config.output.client);","};","","const cleanServer = (config = {}) => {","  return removePromise(config.output.server);","};","","const create = (config = {}) => {","  const clientConfig = compiler('client', 'development', config);","  const serverConfig = compiler('server', 'development', config);","  const multiCompiler = webpack([clientConfig, serverConfig]);","  const clientCompiler = multiCompiler.compilers[0];","","  const devMiddleware = webpackDevMiddleware(multiCompiler, {","    publicPath: config.output.public,","    quiet: true,","    noInfo: true","  });","  const hotMiddleware = webpackHotMiddleware(clientCompiler);","  const hotServerMiddleware = webpackHotServerMiddleware(multiCompiler, {","    serverRendererOptions: {","      outputPath: config.output.client","    }","  });","","  return {","    middleware: [devMiddleware, hotMiddleware, hotServerMiddleware],","    multiCompiler","  };","};","","const connect = (server, multiCompiler) => {","  let serverIsStarted = false;","  multiCompiler.plugin('invalid', () => {","    console.log('Frost dev server compiling');","  });","","  multiCompiler.plugin('done', stats => {","    const { errors, warnings } = formatWebpack(stats.toJson({}));","    if (errors.length) {","      console.error(`Frost ran into an error connecting to dev server`);","      console.log(errors.join('\\n\\n'));","      process.exit(1);","    }","","    if (warnings.length && !errors.length) {","      console.warn('Frost noticed some warnings while connecting to the dev server');","      console.log(warnings.join('\\n\\n'));","    }","","    if (!errors.length && !serverIsStarted) {","      serverIsStarted = true;","      server.listen(process.env.SERVER_PORT, () => {","        console.log(`Frost dev server started at port ${process.env.SERVER_PORT || 8000}`);","      });","    }","  });","};","","const start = (config = {}) => {","  const { middleware, multiCompiler } = create(config);","  const server = frostExpress.createExpressServer({","    afterSecurity: [],","    beforeFallback: [...middleware],","    enableNonce: false","  });","","  connect(server, multiCompiler);","","  // for testing only really","  return true;","};","","var notify = (options => {","  const title = `${options.title}`;","  if (options.notify) {","    notifier.notify({","      title,","      message: options.message","    });","  }","","  const level = options.level || 'info';","  const message = `${chalk.bold(title)}: ${options.message}`;","","  switch (level) {","    case 'warn':","      console.log(frostShared.Logger.warning(message));","      break;","    case 'error':","      console.log(frostShared.Logger.error(message));","      break;","    case 'info':","    default:","      console.log(frostShared.Logger.info(message));","  }","});","","var defaults = {","  entry: {","    client: 'client/index.js',","    server: 'server/index.js'","  },","","  output: {","    client: 'build/client',","    server: 'build/server',","    public: '/static/'","  },","","  files: {","    babel: /\\.(js|mjs|jsx)$/,","    styles: /\\.(css|sss|pcss)$/,","    images: /\\.(jpg|png|gif)$/,","    fonts: /\\.(eot|svg|otf|ttf|woff|woff2)$/,","    video: /\\.(mp4|webm)$/","  },","","  cacheLoader: 'cache-loader',","  hmr: true,","  postcss: true,","  sourceMaps: false,","  compression: {","    type: 'babili',","    babiliClientOptions: {},","","    // Basic compression for server, we don't want dead code","    babiliServerOptions: {","      booleans: false,","      deadcode: true,","      flipComparisons: false,","      mangle: false,","      mergeVars: false","    },","    uglifyOptions: {","      compress: {","        // Only risky for some rare floating point operations","        unsafe_math: true,","        // Optimize expressions like Array.prototype.map.call into [].map.call","        unsafe_proto: true,","        // Good for chrome perf","        keep_infinity: true,","        // Try hard to export less code","        passes: 2","      },","      output: {","        // Fix for problematic code like emojis","        ascii_only: true,","        // Remove all the comments!","        comments: false","      }","    }","  },","  locale: {},","  images: {","    progressive: true,","    optimizationLevel: 7,","    interlaced: false,","    pngquant: {","      quality: '65-90',","      speed: 4","    }","  },","  mode: 'ssr',","  babel: {","    presets: [],","    plugins: []","  },","  prettier: {},","  eslint: {},","  performance: true,","  pwa: {},","  verbose: false,","  quiet: false,","  autoDll: {","    use: true,","    entries: {}","  }","};","","const Root$2 = appRootDir.get();","","const resolveFor = ['entry.server', 'entry.client', 'output.server', 'output.client'];","","const Loaders = ['hook.webpack'];","","const configLoader = cosmiconfig('frost', {","    rcExtensions: true,","    stopDir: Root$2","});","","const configPromise = configLoader.load(Root$2).then(results => {","    console.log(`Loaded config from ${path.relative(Root$2, results.filepath)}`);","    const merged = lodash.defaultsDeep(results.config, defaults);","    return resolvePathsInConfig(merged, Root$2);","}).catch(err => {","    throw new Error(`Error parsing config file: ${err}. Root: ${Root$2}`);","});","","if (!configPromise) {","    console.error('no configuration file found!!');","    process.exit(1);","}","","async function getConfig(flags) {","    return await configPromise.then(config => {","        for (const key in flags) {","            lodash.set(config, key, flags[key]);","        }","","        if (flags.verbose) {","            jsome(config);","        }","","        return config;","    }).then(async config => {","        const loadedModules = await Promise.all(Loaders.map(module => {","            const file = lodash.get(config, module);","            if (file) {","                console.log('import file');","            } else {","                return null;","            }","        }));","","        Loaders.forEach((module, index) => {","            const loadedModule = loadedModules[index];","            if (loadedModule) {","                lodash.set(config, module, loadedModule.default || loadedModule);","            }","        });","","        return config;","    }).catch(err => {","        console.error(err);","    });","}","","function resolvePathsInConfig(config) {","    resolveFor.forEach(entry => {","        if (lodash.get(config, entry) != null) {","            lodash.set(config, entry, path.resolve(Root$2, lodash.get(config, entry)));","        }","    });","","    return config;","}","","exports.buildClient = buildClient;","exports.buildServer = buildServer;","exports.cleanServer = cleanServer;","exports.cleanClient = cleanClient;","exports.create = create;","exports.connect = connect;","exports.start = start;","exports.compiler = compiler;","exports.notify = notify;","exports.Logger = Logger$1;","exports.getConfig = getConfig;",""]}}
