TN:
SF:/home/bashkir/Development/frost/packages/frost-builder/dist/index.cjs.js
FN:,_interopDefault
FN:,(anonymous_1)
FN:,(anonymous_2)
FN:,(anonymous_3)
FN:,(anonymous_4)
FN:,(anonymous_5)
FN:,(anonymous_6)
FN:,(anonymous_7)
FN:,isLoaderFile
FN:,shouldBeBundled
FN:,isExternalRequest
FN:,getExternals
FN:,(anonymous_12)
FN:,(anonymous_13)
FN:,(anonymous_14)
FN:,(anonymous_15)
FN:,(anonymous_16)
FN:,(anonymous_17)
FN:,(anonymous_18)
FN:,(anonymous_19)
FN:,(anonymous_20)
FN:,(anonymous_21)
FN:,(anonymous_22)
FN:,(anonymous_23)
FN:,(anonymous_24)
FN:,(anonymous_25)
FN:,(anonymous_26)
FN:,(anonymous_27)
FN:,(anonymous_28)
FN:,display
FN:,moduleDone
FN:,(anonymous_31)
FN:,(anonymous_32)
FN:,(anonymous_33)
FN:,(anonymous_34)
FN:,(anonymous_35)
FN:,(anonymous_36)
FN:,(anonymous_37)
FN:,(anonymous_38)
FN:,(anonymous_39)
FN:,(anonymous_40)
FN:,(anonymous_41)
FN:,(anonymous_42)
FN:,(anonymous_43)
FN:,(anonymous_44)
FN:,(anonymous_45)
FN:,formatRaw
FN:,(anonymous_47)
FN:,formatWebpack
FN:,(anonymous_49)
FN:,(anonymous_50)
FN:,(anonymous_51)
FN:,(anonymous_52)
FN:,(anonymous_53)
FN:,formatOutput
FN:,(anonymous_55)
FN:,(anonymous_56)
FN:,(anonymous_57)
FN:,(anonymous_58)
FN:,(anonymous_59)
FN:,(anonymous_60)
FN:,(anonymous_61)
FN:,(anonymous_62)
FN:,(anonymous_63)
FN:,(anonymous_64)
FN:,(anonymous_65)
FN:,(anonymous_66)
FN:,(anonymous_67)
FN:,(anonymous_68)
FN:,(anonymous_69)
FN:,(anonymous_70)
FN:,(anonymous_71)
FN:,getConfig
FN:,(anonymous_73)
FN:,(anonymous_74)
FN:,(anonymous_75)
FN:,(anonymous_76)
FN:,(anonymous_77)
FN:,resolvePathsInConfig
FN:,(anonymous_79)
FNF:80
FNH:48
FNDA:21,_interopDefault
FNDA:2,(anonymous_1)
FNDA:23,(anonymous_2)
FNDA:0,(anonymous_3)
FNDA:0,(anonymous_4)
FNDA:0,(anonymous_5)
FNDA:7,(anonymous_6)
FNDA:7,(anonymous_7)
FNDA:0,isLoaderFile
FNDA:0,shouldBeBundled
FNDA:0,isExternalRequest
FNDA:3,getExternals
FNDA:3,(anonymous_12)
FNDA:7,(anonymous_13)
FNDA:7,(anonymous_14)
FNDA:7,(anonymous_15)
FNDA:7,(anonymous_16)
FNDA:7,(anonymous_17)
FNDA:0,(anonymous_18)
FNDA:2,(anonymous_19)
FNDA:4,(anonymous_20)
FNDA:4,(anonymous_21)
FNDA:2,(anonymous_22)
FNDA:2,(anonymous_23)
FNDA:3,(anonymous_24)
FNDA:4,(anonymous_25)
FNDA:3,(anonymous_26)
FNDA:0,(anonymous_27)
FNDA:0,(anonymous_28)
FNDA:0,display
FNDA:0,moduleDone
FNDA:0,(anonymous_31)
FNDA:0,(anonymous_32)
FNDA:0,(anonymous_33)
FNDA:0,(anonymous_34)
FNDA:0,(anonymous_35)
FNDA:0,(anonymous_36)
FNDA:0,(anonymous_37)
FNDA:0,(anonymous_38)
FNDA:0,(anonymous_39)
FNDA:0,(anonymous_40)
FNDA:7,(anonymous_41)
FNDA:4,(anonymous_42)
FNDA:3,(anonymous_43)
FNDA:7,(anonymous_44)
FNDA:8,(anonymous_45)
FNDA:0,formatRaw
FNDA:0,(anonymous_47)
FNDA:3,formatWebpack
FNDA:0,(anonymous_49)
FNDA:0,(anonymous_50)
FNDA:2,(anonymous_51)
FNDA:2,(anonymous_52)
FNDA:0,(anonymous_53)
FNDA:2,formatOutput
FNDA:1,(anonymous_55)
FNDA:1,(anonymous_56)
FNDA:1,(anonymous_57)
FNDA:1,(anonymous_58)
FNDA:1,(anonymous_59)
FNDA:1,(anonymous_60)
FNDA:0,(anonymous_61)
FNDA:0,(anonymous_62)
FNDA:2,(anonymous_63)
FNDA:1,(anonymous_64)
FNDA:0,(anonymous_65)
FNDA:1,(anonymous_66)
FNDA:1,(anonymous_67)
FNDA:1,(anonymous_68)
FNDA:0,(anonymous_69)
FNDA:1,(anonymous_70)
FNDA:0,(anonymous_71)
FNDA:5,getConfig
FNDA:5,(anonymous_73)
FNDA:5,(anonymous_74)
FNDA:5,(anonymous_75)
FNDA:5,(anonymous_76)
FNDA:0,(anonymous_77)
FNDA:1,resolvePathsInConfig
FNDA:4,(anonymous_79)
DA:3,1
DA:5,21
DA:7,1
DA:8,1
DA:9,1
DA:10,1
DA:11,1
DA:12,1
DA:13,1
DA:14,1
DA:15,1
DA:16,1
DA:17,1
DA:18,1
DA:19,1
DA:20,1
DA:21,1
DA:22,1
DA:23,1
DA:24,1
DA:25,1
DA:26,1
DA:27,1
DA:28,1
DA:29,1
DA:30,1
DA:31,1
DA:32,1
DA:33,1
DA:34,1
DA:35,1
DA:36,1
DA:38,1
DA:39,1
DA:40,1
DA:42,1
DA:43,2
DA:44,23
DA:45,0
DA:46,0
DA:48,0
DA:52,1
DA:53,7
DA:54,7
DA:55,7
DA:56,7
DA:57,7
DA:58,7
DA:60,7
DA:70,1
DA:71,7
DA:72,7
DA:73,7
DA:74,7
DA:75,7
DA:76,7
DA:78,7
DA:79,7
DA:80,7
DA:92,1
DA:93,1
DA:97,1
DA:99,1
DA:100,1
DA:103,0
DA:104,0
DA:107,0
DA:113,0
DA:114,0
DA:118,0
DA:119,0
DA:121,0
DA:124,0
DA:125,0
DA:126,0
DA:130,0
DA:131,0
DA:134,0
DA:135,0
DA:138,0
DA:139,0
DA:141,0
DA:142,0
DA:145,0
DA:146,0
DA:149,0
DA:150,0
DA:153,0
DA:154,0
DA:157,0
DA:158,0
DA:159,0
DA:162,0
DA:166,3
DA:167,3
DA:168,3
DA:169,3
DA:172,0
DA:173,0
DA:174,0
DA:175,0
DA:178,0
DA:182,1
DA:183,1
DA:184,1
DA:186,1
DA:187,7
DA:190,1
DA:191,7
DA:192,7
DA:197,7
DA:201,7
DA:202,7
DA:203,7
DA:204,7
DA:205,0
DA:207,7
DA:220,1
DA:221,2
DA:222,0
DA:224,2
DA:225,0
DA:227,2
DA:230,1
DA:231,4
DA:232,4
DA:235,4
DA:236,1
DA:237,1
DA:238,1
DA:242,2
DA:243,2
DA:244,4
DA:245,3
DA:247,3
DA:248,3
DA:255,1
DA:259,0
DA:263,0
DA:264,0
DA:265,0
DA:268,0
DA:269,0
DA:270,0
DA:272,0
DA:278,0
DA:280,0
DA:281,0
DA:283,0
DA:284,0
DA:286,0
DA:287,0
DA:289,0
DA:291,0
DA:292,0
DA:295,0
DA:296,0
DA:297,0
DA:298,0
DA:302,0
DA:303,0
DA:305,0
DA:306,0
DA:308,0
DA:310,0
DA:311,0
DA:313,0
DA:314,0
DA:316,0
DA:332,0
DA:333,0
DA:334,0
DA:335,0
DA:336,0
DA:337,0
DA:339,0
DA:344,0
DA:345,0
DA:346,0
DA:349,0
DA:350,0
DA:351,0
DA:354,0
DA:355,0
DA:356,0
DA:359,0
DA:360,0
DA:361,0
DA:365,0
DA:366,0
DA:367,0
DA:370,0
DA:371,0
DA:382,1
DA:383,7
DA:424,1
DA:425,4
DA:477,1
DA:478,3
DA:487,1
DA:488,7
DA:489,7
DA:490,7
DA:493,1
DA:494,1
DA:496,1
DA:497,8
DA:498,1
DA:508,7
DA:519,7
DA:521,7
DA:522,7
DA:523,7
DA:524,7
DA:525,7
DA:532,7
DA:539,7
DA:546,7
DA:548,7
DA:549,7
DA:550,7
DA:552,7
DA:553,0
DA:554,0
DA:557,7
DA:655,0
DA:657,0
DA:658,0
DA:660,0
DA:661,0
DA:664,0
DA:665,0
DA:666,0
DA:669,0
DA:670,0
DA:674,3
DA:675,3
DA:676,3
DA:679,2
DA:681,1
DA:682,2
DA:683,0
DA:684,0
DA:687,2
DA:691,2
DA:692,0
DA:693,0
DA:694,0
DA:697,2
DA:698,2
DA:700,2
DA:701,2
DA:702,2
DA:705,2
DA:706,0
DA:707,0
DA:708,0
DA:711,2
DA:712,0
DA:713,0
DA:716,2
DA:717,2
DA:718,2
DA:721,1
DA:723,1
DA:724,1
DA:725,1
DA:726,1
DA:727,1
DA:732,1
DA:733,1
DA:734,1
DA:735,1
DA:736,1
DA:741,1
DA:742,0
DA:745,1
DA:746,0
DA:749,1
DA:750,2
DA:751,2
DA:752,2
DA:753,2
DA:755,2
DA:760,2
DA:761,2
DA:767,2
DA:773,1
DA:774,1
DA:775,1
DA:776,0
DA:779,1
DA:780,1
DA:781,1
DA:782,0
DA:783,0
DA:784,0
DA:787,1
DA:788,0
DA:789,0
DA:792,1
DA:793,1
DA:794,1
DA:795,1
DA:801,1
DA:802,1
DA:803,1
DA:809,1
DA:812,1
DA:815,1
DA:816,0
DA:817,0
DA:818,0
DA:824,0
DA:825,0
DA:827,0
DA:829,0
DA:830,0
DA:832,0
DA:833,0
DA:836,0
DA:840,1
DA:922,1
DA:924,1
DA:926,1
DA:928,1
DA:933,1
DA:934,1
DA:935,1
DA:936,1
DA:938,0
DA:941,1
DA:942,0
DA:943,0
DA:947,5
DA:948,5
DA:949,5
DA:952,5
DA:953,0
DA:956,5
DA:958,5
DA:959,5
DA:960,5
DA:961,0
DA:963,5
DA:967,5
DA:968,5
DA:969,5
DA:970,0
DA:974,5
DA:976,0
DA:981,1
DA:982,4
DA:983,4
DA:987,1
DA:990,1
DA:991,1
DA:992,1
DA:993,1
DA:994,1
DA:995,1
DA:996,1
DA:997,1
DA:998,1
DA:999,1
DA:1000,1
LF:366
LH:222
BRDA:,0,0,0
BRDA:,0,1,21
BRDA:,1,0,21
BRDA:,1,1,21
BRDA:,1,2,2
BRDA:,2,0,0
BRDA:,2,1,0
BRDA:,3,0,3
BRDA:,3,1,4
BRDA:,4,0,3
BRDA:,4,1,4
BRDA:,5,0,3
BRDA:,5,1,4
BRDA:,6,0,3
BRDA:,6,1,4
BRDA:,7,0,7
BRDA:,7,1,4
BRDA:,7,2,3
BRDA:,8,0,0
BRDA:,8,1,0
BRDA:,9,0,0
BRDA:,9,1,0
BRDA:,10,0,0
BRDA:,10,1,0
BRDA:,11,0,0
BRDA:,11,1,0
BRDA:,12,0,0
BRDA:,12,1,0
BRDA:,13,0,0
BRDA:,13,1,0
BRDA:,14,0,0
BRDA:,14,1,0
BRDA:,15,0,0
BRDA:,15,1,0
BRDA:,16,0,0
BRDA:,16,1,0
BRDA:,17,0,0
BRDA:,17,1,0
BRDA:,18,0,0
BRDA:,18,1,0
BRDA:,19,0,3
BRDA:,19,1,0
BRDA:,20,0,0
BRDA:,20,1,0
BRDA:,21,0,0
BRDA:,21,1,0
BRDA:,22,0,0
BRDA:,22,1,7
BRDA:,23,0,0
BRDA:,23,1,2
BRDA:,24,0,0
BRDA:,24,1,2
BRDA:,25,0,4
BRDA:,25,1,2
BRDA:,26,0,4
BRDA:,26,1,2
BRDA:,27,0,0
BRDA:,27,1,0
BRDA:,28,0,0
BRDA:,28,1,0
BRDA:,29,0,0
BRDA:,29,1,0
BRDA:,30,0,0
BRDA:,30,1,0
BRDA:,31,0,0
BRDA:,31,1,0
BRDA:,32,0,0
BRDA:,32,1,0
BRDA:,33,0,0
BRDA:,33,1,0
BRDA:,34,0,0
BRDA:,34,1,0
BRDA:,35,0,0
BRDA:,35,1,0
BRDA:,36,0,0
BRDA:,36,1,0
BRDA:,37,0,0
BRDA:,37,1,0
BRDA:,38,0,0
BRDA:,38,1,0
BRDA:,39,0,0
BRDA:,39,1,7
BRDA:,40,0,7
BRDA:,40,1,7
BRDA:,41,0,0
BRDA:,41,1,7
BRDA:,42,0,7
BRDA:,42,1,5
BRDA:,43,0,5
BRDA:,43,1,2
BRDA:,44,0,5
BRDA:,44,1,2
BRDA:,45,0,2
BRDA:,45,1,5
BRDA:,46,0,2
BRDA:,46,1,5
BRDA:,47,0,2
BRDA:,47,1,5
BRDA:,48,0,0
BRDA:,48,1,4
BRDA:,49,0,3
BRDA:,49,1,1
BRDA:,50,0,3
BRDA:,50,1,1
BRDA:,51,0,4
BRDA:,51,1,0
BRDA:,52,0,3
BRDA:,52,1,1
BRDA:,53,0,1
BRDA:,53,1,3
BRDA:,54,0,1
BRDA:,54,1,3
BRDA:,55,0,1
BRDA:,55,1,3
BRDA:,56,0,1
BRDA:,56,1,3
BRDA:,57,0,4
BRDA:,57,1,1
BRDA:,58,0,0
BRDA:,58,1,4
BRDA:,59,0,4
BRDA:,59,1,1
BRDA:,60,0,0
BRDA:,60,1,4
BRDA:,61,0,1
BRDA:,61,1,2
BRDA:,62,0,1
BRDA:,62,1,2
BRDA:,63,0,3
BRDA:,63,1,4
BRDA:,64,0,0
BRDA:,65,0,1
BRDA:,65,1,7
BRDA:,66,0,0
BRDA:,66,1,7
BRDA:,67,0,7
BRDA:,67,1,0
BRDA:,68,0,7
BRDA:,68,1,0
BRDA:,69,0,0
BRDA:,69,1,7
BRDA:,70,0,7
BRDA:,70,1,0
BRDA:,71,0,4
BRDA:,71,1,3
BRDA:,72,0,6
BRDA:,72,1,1
BRDA:,73,0,7
BRDA:,73,1,2
BRDA:,74,0,3
BRDA:,74,1,4
BRDA:,75,0,0
BRDA:,75,1,7
BRDA:,76,0,0
BRDA:,76,1,0
BRDA:,77,0,0
BRDA:,77,1,0
BRDA:,78,0,7
BRDA:,78,1,0
BRDA:,79,0,3
BRDA:,79,1,4
BRDA:,80,0,7
BRDA:,80,1,7
BRDA:,81,0,3
BRDA:,81,1,4
BRDA:,82,0,6
BRDA:,82,1,1
BRDA:,83,0,7
BRDA:,83,1,2
BRDA:,84,0,6
BRDA:,84,1,1
BRDA:,85,0,7
BRDA:,85,1,2
BRDA:,86,0,3
BRDA:,86,1,4
BRDA:,87,0,0
BRDA:,87,1,7
BRDA:,88,0,4
BRDA:,88,1,3
BRDA:,89,0,2
BRDA:,89,1,5
BRDA:,90,0,0
BRDA:,90,1,0
BRDA:,91,0,0
BRDA:,91,1,0
BRDA:,92,0,0
BRDA:,92,1,0
BRDA:,93,0,0
BRDA:,93,1,0
BRDA:,94,0,0
BRDA:,94,1,0
BRDA:,95,0,0
BRDA:,95,1,2
BRDA:,96,0,0
BRDA:,96,1,2
BRDA:,97,0,2
BRDA:,97,1,2
BRDA:,98,0,2
BRDA:,98,1,0
BRDA:,99,0,0
BRDA:,99,1,2
BRDA:,100,0,0
BRDA:,100,1,2
BRDA:,101,0,2
BRDA:,101,1,0
BRDA:,102,0,0
BRDA:,103,0,0
BRDA:,104,0,0
BRDA:,105,0,0
BRDA:,106,0,0
BRDA:,107,0,0
BRDA:,107,1,1
BRDA:,108,0,0
BRDA:,108,1,1
BRDA:,109,0,1
BRDA:,109,1,0
BRDA:,110,0,1
BRDA:,110,1,0
BRDA:,111,0,1
BRDA:,111,1,1
BRDA:,112,0,1
BRDA:,112,1,1
BRDA:,113,0,0
BRDA:,114,0,0
BRDA:,114,1,0
BRDA:,115,0,0
BRDA:,115,1,0
BRDA:,116,0,0
BRDA:,116,1,0
BRDA:,116,2,0
BRDA:,116,3,0
BRDA:,117,0,0
BRDA:,117,1,1
BRDA:,118,0,0
BRDA:,118,1,5
BRDA:,119,0,0
BRDA:,119,1,5
BRDA:,120,0,0
BRDA:,120,1,5
BRDA:,121,0,0
BRDA:,121,1,0
BRDA:,122,0,4
BRDA:,122,1,0
BRF:243
BRH:126
end_of_record
